Using pre-set license
Built from '2021.3/staging' branch; Version is '2021.3.25f1 (68ef2c4f8861) revision 6876972'; Using compiler version '192829333'; Build Type 'Release'
OS: 'Windows 10  (10.0.19045) 64bit Core' Language: 'ja' Physical Memory: 8069 MB
BatchMode: 1, IsHumanControllingUs: 0, StartBugReporterOnCrash: 0, Is64bit: 1, IsPro: 1

COMMAND LINE ARGUMENTS:
C:\Proguraming\2021.3.25f1\Editor\Unity.exe
-adb2
-batchMode
-noUpm
-name
AssetImportWorker1
-projectPath
C:/Proguraming/shokumon
-logFile
Logs/AssetImportWorker1.log
-srvPort
60003
Successfully changed project path to: C:/Proguraming/shokumon
C:/Proguraming/shokumon
[UnityMemory] Configuration Parameters - Can be set up in boot.config
    "memorysetup-bucket-allocator-granularity=16"
    "memorysetup-bucket-allocator-bucket-count=8"
    "memorysetup-bucket-allocator-block-size=33554432"
    "memorysetup-bucket-allocator-block-count=8"
    "memorysetup-main-allocator-block-size=16777216"
    "memorysetup-thread-allocator-block-size=16777216"
    "memorysetup-gfx-main-allocator-block-size=16777216"
    "memorysetup-gfx-thread-allocator-block-size=16777216"
    "memorysetup-cache-allocator-block-size=4194304"
    "memorysetup-typetree-allocator-block-size=2097152"
    "memorysetup-profiler-bucket-allocator-granularity=16"
    "memorysetup-profiler-bucket-allocator-bucket-count=8"
    "memorysetup-profiler-bucket-allocator-block-size=33554432"
    "memorysetup-profiler-bucket-allocator-block-count=8"
    "memorysetup-profiler-allocator-block-size=16777216"
    "memorysetup-profiler-editor-allocator-block-size=1048576"
    "memorysetup-temp-allocator-size-main=16777216"
    "memorysetup-job-temp-allocator-block-size=2097152"
    "memorysetup-job-temp-allocator-block-size-background=1048576"
    "memorysetup-job-temp-allocator-reduction-small-platforms=262144"
    "memorysetup-temp-allocator-size-background-worker=32768"
    "memorysetup-temp-allocator-size-job-worker=262144"
    "memorysetup-temp-allocator-size-preload-manager=33554432"
    "memorysetup-temp-allocator-size-nav-mesh-worker=65536"
    "memorysetup-temp-allocator-size-audio-worker=65536"
    "memorysetup-temp-allocator-size-cloud-worker=32768"
    "memorysetup-temp-allocator-size-gi-baking-worker=262144"
    "memorysetup-temp-allocator-size-gfx=262144"
Player connection [14856] Host "[IP] 192.168.10.12 [Port] 0 [Flags] 2 [Guid] 646928713 [EditorId] 646928713 [Version] 1048832 [Id] WindowsEditor(7,DESKTOP-I8320EU) [Debug] 1 [PackageName] WindowsEditor [ProjectName] Editor" joined multi-casting on [225.0.0.222:54997]...

Player connection [14856] Host "[IP] 192.168.10.12 [Port] 0 [Flags] 2 [Guid] 646928713 [EditorId] 646928713 [Version] 1048832 [Id] WindowsEditor(7,DESKTOP-I8320EU) [Debug] 1 [PackageName] WindowsEditor [ProjectName] Editor" joined alternative multi-casting on [225.0.0.222:34997]...

Refreshing native plugins compatible for Editor in 541.72 ms, found 4 plugins.
Preloading 0 native plugins for Editor in 0.00 ms.
Initialize engine version: 2021.3.25f1 (68ef2c4f8861)
[Subsystems] Discovering subsystems at path C:/Proguraming/2021.3.25f1/Editor/Data/Resources/UnitySubsystems
[Subsystems] Discovering subsystems at path C:/Proguraming/shokumon/Assets
GfxDevice: creating device client; threaded=0; jobified=0
Direct3D:
    Version:  Direct3D 11.0 [level 11.1]
    Renderer: Intel(R) UHD Graphics 620 (ID=0x5917)
    Vendor:   Intel
    VRAM:     4034 MB
    Driver:   27.20.100.9365
Initialize mono
Mono path[0] = 'C:/Proguraming/2021.3.25f1/Editor/Data/Managed'
Mono path[1] = 'C:/Proguraming/2021.3.25f1/Editor/Data/MonoBleedingEdge/lib/mono/unityjit-win32'
Mono config path = 'C:/Proguraming/2021.3.25f1/Editor/Data/MonoBleedingEdge/etc'
Using monoOptions --debugger-agent=transport=dt_socket,embedding=1,server=y,suspend=n,address=127.0.0.1:56156
Begin MonoManager ReloadAssembly
Registering precompiled unity dll's ...
Register platform support module: C:/Proguraming/2021.3.25f1/Editor/Data/PlaybackEngines/WindowsStandaloneSupport/UnityEditor.WindowsStandalone.Extensions.dll
Registered in 0.029015 seconds.
Native extension for WindowsStandalone target not found
Refreshing native plugins compatible for Editor in 419.59 ms, found 4 plugins.
Preloading 0 native plugins for Editor in 0.00 ms.
Mono: successfully reloaded assembly
- Completed reload, in  3.603 seconds
Domain Reload Profiling:
	ReloadAssembly (3605ms)
		BeginReloadAssembly (525ms)
			ExecutionOrderSort (0ms)
			DisableScriptedObjects (0ms)
			BackupInstance (0ms)
			ReleaseScriptingObjects (0ms)
			CreateAndSetChildDomain (2ms)
		EndReloadAssembly (2530ms)
			LoadAssemblies (512ms)
			RebuildTransferFunctionScriptingTraits (1ms)
			SetupTypeCache (572ms)
			ReleaseScriptCaches (0ms)
			RebuildScriptCaches (183ms)
			SetupLoadedEditorAssemblies (1474ms)
				LogAssemblyErrors (0ms)
				InitializePlatformSupportModulesInManaged (39ms)
				SetLoadedEditorAssemblies (2ms)
				RefreshPlugins (420ms)
				BeforeProcessingInitializeOnLoad (8ms)
				ProcessInitializeOnLoadAttributes (703ms)
				ProcessInitializeOnLoadMethodAttributes (302ms)
				AfterProcessingInitializeOnLoad (0ms)
				EditorAssembliesLoaded (1ms)
			ExecutionOrderSort2 (0ms)
			AwakeInstancesAfterBackupRestoration (0ms)
Platform modules already initialized, skipping
Registering precompiled user dll's ...
Registered in 0.043371 seconds.
Begin MonoManager ReloadAssembly
Symbol file LoadedFromMemory doesn't match image C:\Proguraming\shokumon\Library\PackageCache\com.unity.visualscripting@1.8.0\Editor\VisualScripting.Core\Dependencies\YamlDotNet\Unity.VisualScripting.YamlDotNet.dll
Symbol file LoadedFromMemory doesn't match image C:\Proguraming\shokumon\Library\PackageCache\com.unity.visualscripting@1.8.0\Editor\VisualScripting.Core\Dependencies\DotNetZip\Unity.VisualScripting.IonicZip.dll
Native extension for WindowsStandalone target not found
Refreshing native plugins compatible for Editor in 439.10 ms, found 4 plugins.
Preloading 0 native plugins for Editor in 0.00 ms.
Mono: successfully reloaded assembly
- Completed reload, in  6.356 seconds
Domain Reload Profiling:
	ReloadAssembly (6360ms)
		BeginReloadAssembly (680ms)
			ExecutionOrderSort (0ms)
			DisableScriptedObjects (42ms)
			BackupInstance (0ms)
			ReleaseScriptingObjects (0ms)
			CreateAndSetChildDomain (121ms)
		EndReloadAssembly (5095ms)
			LoadAssemblies (658ms)
			RebuildTransferFunctionScriptingTraits (0ms)
			SetupTypeCache (1532ms)
			ReleaseScriptCaches (3ms)
			RebuildScriptCaches (318ms)
			SetupLoadedEditorAssemblies (2290ms)
				LogAssemblyErrors (0ms)
				InitializePlatformSupportModulesInManaged (24ms)
				SetLoadedEditorAssemblies (4ms)
				RefreshPlugins (439ms)
				BeforeProcessingInitializeOnLoad (430ms)
				ProcessInitializeOnLoadAttributes (1044ms)
				ProcessInitializeOnLoadMethodAttributes (267ms)
				AfterProcessingInitializeOnLoad (81ms)
				EditorAssembliesLoaded (1ms)
			ExecutionOrderSort2 (0ms)
			AwakeInstancesAfterBackupRestoration (75ms)
Platform modules already initialized, skipping
========================================================================
Worker process is ready to serve import requests
Launched and connected shader compiler UnityShaderCompiler.exe after 0.41 seconds
Refreshing native plugins compatible for Editor in 3.15 ms, found 4 plugins.
Preloading 0 native plugins for Editor in 0.00 ms.
Unloading 3738 Unused Serialized files (Serialized files now loaded: 0)
Unloading 41 unused Assets / (229.0 KB). Loaded Objects now: 4192.
Memory consumption went from 147.4 MB to 147.1 MB.
Total: 16.156900 ms (FindLiveObjects: 0.785600 ms CreateObjectMapping: 0.646500 ms MarkObjects: 14.379200 ms  DeleteObjects: 0.342900 ms)

AssetImportParameters requested are different than current active one (requested -> active):
  custom:video-decoder-ogg-theora: a1e56fd34408186e4bbccfd4996cb3dc -> 
  custom:container-muxer-webm: aa71ff27fc2769a1b78a27578f13a17b -> 
  custom:container-demuxer-webm: 4f35f7cbe854078d1ac9338744f61a02 -> 
  custom:video-encoder-webm-vp8: eb34c28f22e8b96e1ab97ce403110664 -> 
  custom:video-codec-MediaFoundation-h265: 746d11721c4dcdbdad8f713fa42b33f4 -> 
  custom:audio-encoder-webm-vorbis: bf7c407c2cedff20999df2af8eb42d56 -> 
  custom:framework-win-MediaFoundation: 216162199b28c13a410421893ffa2e32 -> 
  custom:container-demuxer-ogg: 62fdf1f143b41e24485cea50d1cbac27 -> 
  custom:video-decoder-webm-vp8: 9c59270c3fd7afecdb556c50c9e8de78 -> 
  custom:audio-decoder-ogg-vorbis: bf7c407c2cedff20999df2af8eb42d56 -> 
========================================================================
Received Import Request.
  Time since last request: 337684.580602 seconds.
  path: Assets/Statics/Illust/プレイマット_食育モンスター_ページ_1.jpg
  artifactKey: Guid(53e6c338187297443b23fbfc6ea25732) Importer(815301076,1909f56bfc062723c751e8b465ee728b)
Start importing Assets/Statics/Illust/プレイマット_食育モンスター_ページ_1.jpg using Guid(53e6c338187297443b23fbfc6ea25732) Importer(815301076,1909f56bfc062723c751e8b465ee728b)  -> (artifact id: '20625cc706c7f39f7691b5cb0cb021e3') in 1.800069 seconds 
========================================================================
Received Import Request.
  Time since last request: 1760.350148 seconds.
  path: Assets/Resources/Prefabs/002-torixtuki-.prefab
  artifactKey: Guid(8bfa9b2db495ea04785bdf82f8460941) Importer(815301076,1909f56bfc062723c751e8b465ee728b)
Start importing Assets/Resources/Prefabs/002-torixtuki-.prefab using Guid(8bfa9b2db495ea04785bdf82f8460941) Importer(815301076,1909f56bfc062723c751e8b465ee728b)  -> (artifact id: 'b79e17aef77986c3ca09037b6319aa30') in 0.301861 seconds 
========================================================================
Received Import Request.
  Time since last request: 0.000110 seconds.
  path: Assets/Resources/Prefabs/003-tamaneginaito.prefab
  artifactKey: Guid(6c9051f0fa34b2e40bd5d7b6a9639f06) Importer(815301076,1909f56bfc062723c751e8b465ee728b)
Start importing Assets/Resources/Prefabs/003-tamaneginaito.prefab using Guid(6c9051f0fa34b2e40bd5d7b6a9639f06) Importer(815301076,1909f56bfc062723c751e8b465ee728b)  -> (artifact id: '4fa910d261cb4c3d823d2b35fadd2037') in 0.051550 seconds 
========================================================================
Received Import Request.
  Time since last request: 0.002192 seconds.
  path: Assets/Resources/Prefabs/018-syokuikuzitenn.prefab
  artifactKey: Guid(13fc77de2d42ab042829cff1cb95d29e) Importer(815301076,1909f56bfc062723c751e8b465ee728b)
Start importing Assets/Resources/Prefabs/018-syokuikuzitenn.prefab using Guid(13fc77de2d42ab042829cff1cb95d29e) Importer(815301076,1909f56bfc062723c751e8b465ee728b)  -> (artifact id: 'ab496d92773f11eb1a2aeefdc6b17c31') in 0.024359 seconds 
========================================================================
Received Import Request.
  Time since last request: 0.000068 seconds.
  path: Assets/Resources/Prefabs/asuparamannzai.prefab
  artifactKey: Guid(7436ffa07b12ccf4ea96d56d22a346a0) Importer(815301076,1909f56bfc062723c751e8b465ee728b)
Start importing Assets/Resources/Prefabs/asuparamannzai.prefab using Guid(7436ffa07b12ccf4ea96d56d22a346a0) Importer(815301076,1909f56bfc062723c751e8b465ee728b)  -> (artifact id: 'c9db2c033802270c437606beaa9a6cfe') in 0.023886 seconds 
========================================================================
Received Import Request.
  Time since last request: 0.000068 seconds.
  path: Assets/Resources/Prefabs/eiyousoka-do-barannsu.prefab
  artifactKey: Guid(3cec6c55d0152f240bee388d28d140b2) Importer(815301076,1909f56bfc062723c751e8b465ee728b)
Start importing Assets/Resources/Prefabs/eiyousoka-do-barannsu.prefab using Guid(3cec6c55d0152f240bee388d28d140b2) Importer(815301076,1909f56bfc062723c751e8b465ee728b)  -> (artifact id: '89ed699b70836d4c6c2e493d40a66399') in 0.018106 seconds 
========================================================================
Received Import Request.
  Time since last request: 0.000061 seconds.
  path: Assets/Resources/Prefabs/013-yasainouka.prefab
  artifactKey: Guid(c2960c514f4ebb74589e5208cff4db2d) Importer(815301076,1909f56bfc062723c751e8b465ee728b)
Start importing Assets/Resources/Prefabs/013-yasainouka.prefab using Guid(c2960c514f4ebb74589e5208cff4db2d) Importer(815301076,1909f56bfc062723c751e8b465ee728b)  -> (artifact id: '7d21c6281d1eafcf98a35f469309ba2a') in 0.027162 seconds 
========================================================================
Received Import Request.
  Time since last request: 0.000051 seconds.
  path: Assets/Resources/Prefabs/025-haxtupi-mazinnsinoya.prefab
  artifactKey: Guid(277d9bdbb6bdadb42850e5c3547176ab) Importer(815301076,1909f56bfc062723c751e8b465ee728b)
Start importing Assets/Resources/Prefabs/025-haxtupi-mazinnsinoya.prefab using Guid(277d9bdbb6bdadb42850e5c3547176ab) Importer(815301076,1909f56bfc062723c751e8b465ee728b)  -> (artifact id: 'cce352926ccfc00175360ad9e6bc4b99') in 0.033258 seconds 
========================================================================
Received Import Request.
  Time since last request: 0.000110 seconds.
  path: Assets/Resources/Prefabs/023-kyuuridoragonn.prefab
  artifactKey: Guid(25fe5e6c901ab3a4b85907b360305289) Importer(815301076,1909f56bfc062723c751e8b465ee728b)
Start importing Assets/Resources/Prefabs/023-kyuuridoragonn.prefab using Guid(25fe5e6c901ab3a4b85907b360305289) Importer(815301076,1909f56bfc062723c751e8b465ee728b)  -> (artifact id: '7540e9866f49281ed09e21e0abb7a235') in 0.013574 seconds 
========================================================================
Received Import Request.
  Time since last request: 0.000059 seconds.
  path: Assets/Resources/Prefabs/daikonndaimyou.prefab
  artifactKey: Guid(5ccd3ecb47d0bca41bcdb35a8b216ffb) Importer(815301076,1909f56bfc062723c751e8b465ee728b)
Start importing Assets/Resources/Prefabs/daikonndaimyou.prefab using Guid(5ccd3ecb47d0bca41bcdb35a8b216ffb) Importer(815301076,1909f56bfc062723c751e8b465ee728b)  -> (artifact id: '2cad19e48d9412376aa6ddd58a738a6f') in 0.029385 seconds 
========================================================================
Received Import Request.
  Time since last request: 0.000102 seconds.
  path: Assets/Resources/Prefabs/015-tyourisi.prefab
  artifactKey: Guid(2ff2d5de2a8989542a8957a5a3023637) Importer(815301076,1909f56bfc062723c751e8b465ee728b)
Start importing Assets/Resources/Prefabs/015-tyourisi.prefab using Guid(2ff2d5de2a8989542a8957a5a3023637) Importer(815301076,1909f56bfc062723c751e8b465ee728b)  -> (artifact id: '926169bb85819abd5a11e427e8915c2b') in 0.013495 seconds 
========================================================================
Received Import Request.
  Time since last request: 0.000085 seconds.
  path: Assets/Resources/Prefabs/004-hourennouzi.prefab
  artifactKey: Guid(484974ea3d91a9c4b9e4a238683a31e9) Importer(815301076,1909f56bfc062723c751e8b465ee728b)
Start importing Assets/Resources/Prefabs/004-hourennouzi.prefab using Guid(484974ea3d91a9c4b9e4a238683a31e9) Importer(815301076,1909f56bfc062723c751e8b465ee728b)  -> (artifact id: '796b3b66885794a32b5bbcbf695c2be9') in 0.028715 seconds 
