Using pre-set license
Built from '2021.3/staging' branch; Version is '2021.3.25f1 (68ef2c4f8861) revision 6876972'; Using compiler version '192829333'; Build Type 'Release'
OS: 'Windows 10  (10.0.19045) 64bit Core' Language: 'ja' Physical Memory: 8069 MB
BatchMode: 1, IsHumanControllingUs: 0, StartBugReporterOnCrash: 0, Is64bit: 1, IsPro: 1

COMMAND LINE ARGUMENTS:
C:\Proguraming\2021.3.25f1\Editor\Unity.exe
-adb2
-batchMode
-noUpm
-name
AssetImportWorker0
-projectPath
C:/Proguraming/shokumon
-logFile
Logs/AssetImportWorker0.log
-srvPort
61966
Successfully changed project path to: C:/Proguraming/shokumon
C:/Proguraming/shokumon
[UnityMemory] Configuration Parameters - Can be set up in boot.config
    "memorysetup-bucket-allocator-granularity=16"
    "memorysetup-bucket-allocator-bucket-count=8"
    "memorysetup-bucket-allocator-block-size=33554432"
    "memorysetup-bucket-allocator-block-count=8"
    "memorysetup-main-allocator-block-size=16777216"
    "memorysetup-thread-allocator-block-size=16777216"
    "memorysetup-gfx-main-allocator-block-size=16777216"
    "memorysetup-gfx-thread-allocator-block-size=16777216"
    "memorysetup-cache-allocator-block-size=4194304"
    "memorysetup-typetree-allocator-block-size=2097152"
    "memorysetup-profiler-bucket-allocator-granularity=16"
    "memorysetup-profiler-bucket-allocator-bucket-count=8"
    "memorysetup-profiler-bucket-allocator-block-size=33554432"
    "memorysetup-profiler-bucket-allocator-block-count=8"
    "memorysetup-profiler-allocator-block-size=16777216"
    "memorysetup-profiler-editor-allocator-block-size=1048576"
    "memorysetup-temp-allocator-size-main=16777216"
    "memorysetup-job-temp-allocator-block-size=2097152"
    "memorysetup-job-temp-allocator-block-size-background=1048576"
    "memorysetup-job-temp-allocator-reduction-small-platforms=262144"
    "memorysetup-temp-allocator-size-background-worker=32768"
    "memorysetup-temp-allocator-size-job-worker=262144"
    "memorysetup-temp-allocator-size-preload-manager=33554432"
    "memorysetup-temp-allocator-size-nav-mesh-worker=65536"
    "memorysetup-temp-allocator-size-audio-worker=65536"
    "memorysetup-temp-allocator-size-cloud-worker=32768"
    "memorysetup-temp-allocator-size-gi-baking-worker=262144"
    "memorysetup-temp-allocator-size-gfx=262144"
Player connection [2096] Host "[IP] 192.168.10.12 [Port] 0 [Flags] 2 [Guid] 3716438849 [EditorId] 3716438849 [Version] 1048832 [Id] WindowsEditor(7,DESKTOP-I8320EU) [Debug] 1 [PackageName] WindowsEditor [ProjectName] Editor" joined multi-casting on [225.0.0.222:54997]...

Player connection [2096] Host "[IP] 192.168.10.12 [Port] 0 [Flags] 2 [Guid] 3716438849 [EditorId] 3716438849 [Version] 1048832 [Id] WindowsEditor(7,DESKTOP-I8320EU) [Debug] 1 [PackageName] WindowsEditor [ProjectName] Editor" joined alternative multi-casting on [225.0.0.222:34997]...

Refreshing native plugins compatible for Editor in 407.83 ms, found 4 plugins.
Preloading 0 native plugins for Editor in 0.00 ms.
Initialize engine version: 2021.3.25f1 (68ef2c4f8861)
[Subsystems] Discovering subsystems at path C:/Proguraming/2021.3.25f1/Editor/Data/Resources/UnitySubsystems
[Subsystems] Discovering subsystems at path C:/Proguraming/shokumon/Assets
GfxDevice: creating device client; threaded=0; jobified=0
Direct3D:
    Version:  Direct3D 11.0 [level 11.1]
    Renderer: Intel(R) UHD Graphics 620 (ID=0x5917)
    Vendor:   Intel
    VRAM:     4034 MB
    Driver:   27.20.100.9365
Initialize mono
Mono path[0] = 'C:/Proguraming/2021.3.25f1/Editor/Data/Managed'
Mono path[1] = 'C:/Proguraming/2021.3.25f1/Editor/Data/MonoBleedingEdge/lib/mono/unityjit-win32'
Mono config path = 'C:/Proguraming/2021.3.25f1/Editor/Data/MonoBleedingEdge/etc'
Using monoOptions --debugger-agent=transport=dt_socket,embedding=1,server=y,suspend=n,address=127.0.0.1:56552
Begin MonoManager ReloadAssembly
Registering precompiled unity dll's ...
Register platform support module: C:/Proguraming/2021.3.25f1/Editor/Data/PlaybackEngines/WindowsStandaloneSupport/UnityEditor.WindowsStandalone.Extensions.dll
Registered in 0.020131 seconds.
Native extension for WindowsStandalone target not found
Refreshing native plugins compatible for Editor in 364.30 ms, found 4 plugins.
Preloading 0 native plugins for Editor in 0.00 ms.
Mono: successfully reloaded assembly
- Completed reload, in  2.617 seconds
Domain Reload Profiling:
	ReloadAssembly (2617ms)
		BeginReloadAssembly (444ms)
			ExecutionOrderSort (0ms)
			DisableScriptedObjects (0ms)
			BackupInstance (0ms)
			ReleaseScriptingObjects (0ms)
			CreateAndSetChildDomain (2ms)
		EndReloadAssembly (1795ms)
			LoadAssemblies (439ms)
			RebuildTransferFunctionScriptingTraits (0ms)
			SetupTypeCache (386ms)
			ReleaseScriptCaches (0ms)
			RebuildScriptCaches (118ms)
			SetupLoadedEditorAssemblies (1118ms)
				LogAssemblyErrors (0ms)
				InitializePlatformSupportModulesInManaged (19ms)
				SetLoadedEditorAssemblies (1ms)
				RefreshPlugins (364ms)
				BeforeProcessingInitializeOnLoad (5ms)
				ProcessInitializeOnLoadAttributes (563ms)
				ProcessInitializeOnLoadMethodAttributes (166ms)
				AfterProcessingInitializeOnLoad (0ms)
				EditorAssembliesLoaded (0ms)
			ExecutionOrderSort2 (0ms)
			AwakeInstancesAfterBackupRestoration (0ms)
Platform modules already initialized, skipping
Registering precompiled user dll's ...
Registered in 0.018358 seconds.
Begin MonoManager ReloadAssembly
Symbol file LoadedFromMemory doesn't match image C:\Proguraming\shokumon\Library\PackageCache\com.unity.visualscripting@1.8.0\Editor\VisualScripting.Core\Dependencies\YamlDotNet\Unity.VisualScripting.YamlDotNet.dll
Symbol file LoadedFromMemory doesn't match image C:\Proguraming\shokumon\Library\PackageCache\com.unity.visualscripting@1.8.0\Editor\VisualScripting.Core\Dependencies\DotNetZip\Unity.VisualScripting.IonicZip.dll
Native extension for WindowsStandalone target not found
Refreshing native plugins compatible for Editor in 216.94 ms, found 4 plugins.
Preloading 0 native plugins for Editor in 0.00 ms.
Mono: successfully reloaded assembly
- Completed reload, in  4.699 seconds
Domain Reload Profiling:
	ReloadAssembly (4702ms)
		BeginReloadAssembly (583ms)
			ExecutionOrderSort (0ms)
			DisableScriptedObjects (40ms)
			BackupInstance (0ms)
			ReleaseScriptingObjects (0ms)
			CreateAndSetChildDomain (60ms)
		EndReloadAssembly (3477ms)
			LoadAssemblies (795ms)
			RebuildTransferFunctionScriptingTraits (0ms)
			SetupTypeCache (1186ms)
			ReleaseScriptCaches (2ms)
			RebuildScriptCaches (189ms)
			SetupLoadedEditorAssemblies (1263ms)
				LogAssemblyErrors (0ms)
				InitializePlatformSupportModulesInManaged (11ms)
				SetLoadedEditorAssemblies (0ms)
				RefreshPlugins (217ms)
				BeforeProcessingInitializeOnLoad (237ms)
				ProcessInitializeOnLoadAttributes (676ms)
				ProcessInitializeOnLoadMethodAttributes (99ms)
				AfterProcessingInitializeOnLoad (22ms)
				EditorAssembliesLoaded (0ms)
			ExecutionOrderSort2 (0ms)
			AwakeInstancesAfterBackupRestoration (25ms)
Platform modules already initialized, skipping
========================================================================
Worker process is ready to serve import requests
Launched and connected shader compiler UnityShaderCompiler.exe after 0.16 seconds
Refreshing native plugins compatible for Editor in 1.68 ms, found 4 plugins.
Preloading 0 native plugins for Editor in 0.00 ms.
Unloading 3740 Unused Serialized files (Serialized files now loaded: 0)
Unloading 41 unused Assets / (229.1 KB). Loaded Objects now: 4195.
Memory consumption went from 147.6 MB to 147.3 MB.
Total: 15.794800 ms (FindLiveObjects: 0.633100 ms CreateObjectMapping: 0.564500 ms MarkObjects: 14.085400 ms  DeleteObjects: 0.509700 ms)

AssetImportParameters requested are different than current active one (requested -> active):
  custom:video-decoder-ogg-theora: a1e56fd34408186e4bbccfd4996cb3dc -> 
  custom:container-muxer-webm: aa71ff27fc2769a1b78a27578f13a17b -> 
  custom:container-demuxer-webm: 4f35f7cbe854078d1ac9338744f61a02 -> 
  custom:video-encoder-webm-vp8: eb34c28f22e8b96e1ab97ce403110664 -> 
  custom:video-codec-MediaFoundation-h265: 746d11721c4dcdbdad8f713fa42b33f4 -> 
  custom:audio-encoder-webm-vorbis: bf7c407c2cedff20999df2af8eb42d56 -> 
  custom:framework-win-MediaFoundation: 216162199b28c13a410421893ffa2e32 -> 
  custom:container-demuxer-ogg: 62fdf1f143b41e24485cea50d1cbac27 -> 
  custom:video-decoder-webm-vp8: 9c59270c3fd7afecdb556c50c9e8de78 -> 
  custom:audio-decoder-ogg-vorbis: bf7c407c2cedff20999df2af8eb42d56 -> 
========================================================================
Received Import Request.
  Time since last request: 51212.655849 seconds.
  path: Assets/Resources/Prefabs/001-uxtusi-.prefab
  artifactKey: Guid(e55d88af854feea4a975803478a3978b) Importer(815301076,1909f56bfc062723c751e8b465ee728b)
Start importing Assets/Resources/Prefabs/001-uxtusi-.prefab using Guid(e55d88af854feea4a975803478a3978b) Importer(815301076,1909f56bfc062723c751e8b465ee728b)  -> (artifact id: 'e52e7822dbf60e99c77b7bc0311d90af') in 0.193537 seconds 
========================================================================
Received Import Request.
  Time since last request: 5.280155 seconds.
  path: Assets/Resources/Prefabs/001-uxtusi-.prefab
  artifactKey: Guid(e55d88af854feea4a975803478a3978b) Importer(815301076,1909f56bfc062723c751e8b465ee728b)
Start importing Assets/Resources/Prefabs/001-uxtusi-.prefab using Guid(e55d88af854feea4a975803478a3978b) Importer(815301076,1909f56bfc062723c751e8b465ee728b)  -> (artifact id: '4f56761d250bf7e6caa65b5be41e7808') in 0.019794 seconds 
========================================================================
Received Import Request.
  Time since last request: 58.574315 seconds.
  path: Assets/Resources/Prefabs/002-torixtuki-.prefab
  artifactKey: Guid(8bfa9b2db495ea04785bdf82f8460941) Importer(815301076,1909f56bfc062723c751e8b465ee728b)
Start importing Assets/Resources/Prefabs/002-torixtuki-.prefab using Guid(8bfa9b2db495ea04785bdf82f8460941) Importer(815301076,1909f56bfc062723c751e8b465ee728b)  -> (artifact id: '67f4f2a24e11f73d4e8ae838e0db7870') in 0.011445 seconds 
========================================================================
Received Import Request.
  Time since last request: 0.000083 seconds.
  path: Assets/Resources/Prefabs/021-su-pa-gextuthi.prefab
  artifactKey: Guid(e1176578f0f5a8343875f931af857186) Importer(815301076,1909f56bfc062723c751e8b465ee728b)
Start importing Assets/Resources/Prefabs/021-su-pa-gextuthi.prefab using Guid(e1176578f0f5a8343875f931af857186) Importer(815301076,1909f56bfc062723c751e8b465ee728b)  -> (artifact id: '6736cd5dc269120226149c6ea174f6a1') in 0.013900 seconds 
========================================================================
Received Import Request.
  Time since last request: 0.000074 seconds.
  path: Assets/Resources/Prefabs/006-potetora.prefab
  artifactKey: Guid(ae470c277bf0cd34abec0ba4c9fd885b) Importer(815301076,1909f56bfc062723c751e8b465ee728b)
Start importing Assets/Resources/Prefabs/006-potetora.prefab using Guid(ae470c277bf0cd34abec0ba4c9fd885b) Importer(815301076,1909f56bfc062723c751e8b465ee728b)  -> (artifact id: '12ff282134d41c46c07d2a4e5daf2acf') in 0.013345 seconds 
========================================================================
Received Import Request.
  Time since last request: 0.000052 seconds.
  path: Assets/Resources/Prefabs/005-kometarou.prefab
  artifactKey: Guid(a46717bff60f1094f93c56e80b5d31ee) Importer(815301076,1909f56bfc062723c751e8b465ee728b)
Start importing Assets/Resources/Prefabs/005-kometarou.prefab using Guid(a46717bff60f1094f93c56e80b5d31ee) Importer(815301076,1909f56bfc062723c751e8b465ee728b)  -> (artifact id: 'ebcf586757dab3022dbe6f68f57ba633') in 0.014268 seconds 
========================================================================
Received Import Request.
  Time since last request: 0.000052 seconds.
  path: Assets/Resources/Prefabs/020-tomatonn.prefab
  artifactKey: Guid(0761dc3f10c369b49acabfdc76ebf171) Importer(815301076,1909f56bfc062723c751e8b465ee728b)
Start importing Assets/Resources/Prefabs/020-tomatonn.prefab using Guid(0761dc3f10c369b49acabfdc76ebf171) Importer(815301076,1909f56bfc062723c751e8b465ee728b)  -> (artifact id: '027772d612bd34ed585edf9a22c33440') in 0.012463 seconds 
========================================================================
Received Import Request.
  Time since last request: 0.000114 seconds.
  path: Assets/Resources/Prefabs/007-gyuudonnkaiza-.prefab
  artifactKey: Guid(09d5f851f4b46c748b7890a2f6da41ae) Importer(815301076,1909f56bfc062723c751e8b465ee728b)
Start importing Assets/Resources/Prefabs/007-gyuudonnkaiza-.prefab using Guid(09d5f851f4b46c748b7890a2f6da41ae) Importer(815301076,1909f56bfc062723c751e8b465ee728b)  -> (artifact id: '7b4ca912fe39f4221d974a497e74a7d7') in 0.012968 seconds 
========================================================================
Received Import Request.
  Time since last request: 0.000153 seconds.
  path: Assets/Resources/Prefabs/010-kannrieiyousi.prefab
  artifactKey: Guid(abe70ed7b45727a429fc82a3e109741f) Importer(815301076,1909f56bfc062723c751e8b465ee728b)
Start importing Assets/Resources/Prefabs/010-kannrieiyousi.prefab using Guid(abe70ed7b45727a429fc82a3e109741f) Importer(815301076,1909f56bfc062723c751e8b465ee728b)  -> (artifact id: 'c67fa5ce43d9ad6ae7b3c31e1dc1ab04') in 0.014431 seconds 
========================================================================
Received Import Request.
  Time since last request: 0.000057 seconds.
  path: Assets/Resources/Prefabs/008-guratannkinngu.prefab
  artifactKey: Guid(b1feac106661ca7458183d355c4bfad2) Importer(815301076,1909f56bfc062723c751e8b465ee728b)
Start importing Assets/Resources/Prefabs/008-guratannkinngu.prefab using Guid(b1feac106661ca7458183d355c4bfad2) Importer(815301076,1909f56bfc062723c751e8b465ee728b)  -> (artifact id: 'ccf81e728f8cfb2b45c997deb94a9493') in 0.014231 seconds 
========================================================================
Received Import Request.
  Time since last request: 0.000058 seconds.
  path: Assets/Resources/Prefabs/asuparamannzai.prefab
  artifactKey: Guid(7436ffa07b12ccf4ea96d56d22a346a0) Importer(815301076,1909f56bfc062723c751e8b465ee728b)
Start importing Assets/Resources/Prefabs/asuparamannzai.prefab using Guid(7436ffa07b12ccf4ea96d56d22a346a0) Importer(815301076,1909f56bfc062723c751e8b465ee728b)  -> (artifact id: '2db77ade59feaa3d29f52ee6788d16d6') in 0.012609 seconds 
========================================================================
Received Import Request.
  Time since last request: 0.000067 seconds.
  path: Assets/Resources/Prefabs/eiyousoka-do-barannsu.prefab
  artifactKey: Guid(3cec6c55d0152f240bee388d28d140b2) Importer(815301076,1909f56bfc062723c751e8b465ee728b)
Start importing Assets/Resources/Prefabs/eiyousoka-do-barannsu.prefab using Guid(3cec6c55d0152f240bee388d28d140b2) Importer(815301076,1909f56bfc062723c751e8b465ee728b)  -> (artifact id: '2caafcb83df0d54edd289688087974f7') in 0.013459 seconds 
========================================================================
Received Import Request.
  Time since last request: 0.000095 seconds.
  path: Assets/Resources/Prefabs/013-yasainouka.prefab
  artifactKey: Guid(c2960c514f4ebb74589e5208cff4db2d) Importer(815301076,1909f56bfc062723c751e8b465ee728b)
Start importing Assets/Resources/Prefabs/013-yasainouka.prefab using Guid(c2960c514f4ebb74589e5208cff4db2d) Importer(815301076,1909f56bfc062723c751e8b465ee728b)  -> (artifact id: 'a18a01d57c80d205366229aa8e6d3e24') in 0.015039 seconds 
========================================================================
Received Import Request.
  Time since last request: 0.000068 seconds.
  path: Assets/Resources/Prefabs/025-haxtupi-mazinnsinoya.prefab
  artifactKey: Guid(277d9bdbb6bdadb42850e5c3547176ab) Importer(815301076,1909f56bfc062723c751e8b465ee728b)
Start importing Assets/Resources/Prefabs/025-haxtupi-mazinnsinoya.prefab using Guid(277d9bdbb6bdadb42850e5c3547176ab) Importer(815301076,1909f56bfc062723c751e8b465ee728b)  -> (artifact id: '5d521cefeb2713f1be932cdb99b57ba1') in 0.014523 seconds 
========================================================================
Received Import Request.
  Time since last request: 0.000058 seconds.
  path: Assets/Resources/Prefabs/023-kyuuridoragonn.prefab
  artifactKey: Guid(25fe5e6c901ab3a4b85907b360305289) Importer(815301076,1909f56bfc062723c751e8b465ee728b)
Start importing Assets/Resources/Prefabs/023-kyuuridoragonn.prefab using Guid(25fe5e6c901ab3a4b85907b360305289) Importer(815301076,1909f56bfc062723c751e8b465ee728b)  -> (artifact id: 'f450f78b02b631a7a02633e10b0c2aea') in 0.013290 seconds 
========================================================================
Received Import Request.
  Time since last request: 0.000082 seconds.
  path: Assets/Resources/Prefabs/daikonndaimyou.prefab
  artifactKey: Guid(5ccd3ecb47d0bca41bcdb35a8b216ffb) Importer(815301076,1909f56bfc062723c751e8b465ee728b)
Start importing Assets/Resources/Prefabs/daikonndaimyou.prefab using Guid(5ccd3ecb47d0bca41bcdb35a8b216ffb) Importer(815301076,1909f56bfc062723c751e8b465ee728b)  -> (artifact id: '3e457184482d0872f3a1803302fbb7f9') in 0.013700 seconds 
========================================================================
Received Import Request.
  Time since last request: 0.000052 seconds.
  path: Assets/Resources/Prefabs/015-tyourisi.prefab
  artifactKey: Guid(2ff2d5de2a8989542a8957a5a3023637) Importer(815301076,1909f56bfc062723c751e8b465ee728b)
Start importing Assets/Resources/Prefabs/015-tyourisi.prefab using Guid(2ff2d5de2a8989542a8957a5a3023637) Importer(815301076,1909f56bfc062723c751e8b465ee728b)  -> (artifact id: '3f90ee35baf7734e93d619ac504effb6') in 0.015898 seconds 
========================================================================
Received Import Request.
  Time since last request: 0.000092 seconds.
  path: Assets/Resources/Prefabs/004-hourennouzi.prefab
  artifactKey: Guid(484974ea3d91a9c4b9e4a238683a31e9) Importer(815301076,1909f56bfc062723c751e8b465ee728b)
Start importing Assets/Resources/Prefabs/004-hourennouzi.prefab using Guid(484974ea3d91a9c4b9e4a238683a31e9) Importer(815301076,1909f56bfc062723c751e8b465ee728b)  -> (artifact id: '90c9a3577281f71741c2e0f8d508e0b8') in 0.012800 seconds 
========================================================================
Received Import Request.
  Time since last request: 107.581220 seconds.
  path: Assets/Resources/Scripts/GameManager.cs
  artifactKey: Guid(7cfc58e7cb1dc7943b0471f9811b9079) Importer(815301076,1909f56bfc062723c751e8b465ee728b)
Start importing Assets/Resources/Scripts/GameManager.cs using Guid(7cfc58e7cb1dc7943b0471f9811b9079) Importer(815301076,1909f56bfc062723c751e8b465ee728b)  -> (artifact id: 'c00f857d47ce3302755b79ee684cb899') in 0.017581 seconds 
========================================================================
Received Prepare
Registering precompiled user dll's ...
Registered in 0.017233 seconds.
Begin MonoManager ReloadAssembly
Symbol file LoadedFromMemory doesn't match image C:\Proguraming\shokumon\Library\PackageCache\com.unity.visualscripting@1.8.0\Editor\VisualScripting.Core\Dependencies\YamlDotNet\Unity.VisualScripting.YamlDotNet.dll
Symbol file LoadedFromMemory doesn't match image C:\Proguraming\shokumon\Library\PackageCache\com.unity.visualscripting@1.8.0\Editor\VisualScripting.Core\Dependencies\DotNetZip\Unity.VisualScripting.IonicZip.dll
Native extension for WindowsStandalone target not found
Refreshing native plugins compatible for Editor in 1.99 ms, found 4 plugins.
Preloading 0 native plugins for Editor in 0.00 ms.
Mono: successfully reloaded assembly
- Completed reload, in  3.358 seconds
Domain Reload Profiling:
	ReloadAssembly (3360ms)
		BeginReloadAssembly (456ms)
			ExecutionOrderSort (0ms)
			DisableScriptedObjects (20ms)
			BackupInstance (0ms)
			ReleaseScriptingObjects (0ms)
			CreateAndSetChildDomain (109ms)
		EndReloadAssembly (2552ms)
			LoadAssemblies (351ms)
			RebuildTransferFunctionScriptingTraits (1ms)
			SetupTypeCache (862ms)
			ReleaseScriptCaches (3ms)
			RebuildScriptCaches (148ms)
			SetupLoadedEditorAssemblies (1001ms)
				LogAssemblyErrors (0ms)
				InitializePlatformSupportModulesInManaged (18ms)
				SetLoadedEditorAssemblies (2ms)
				RefreshPlugins (2ms)
				BeforeProcessingInitializeOnLoad (237ms)
				ProcessInitializeOnLoadAttributes (617ms)
				ProcessInitializeOnLoadMethodAttributes (94ms)
				AfterProcessingInitializeOnLoad (31ms)
				EditorAssembliesLoaded (1ms)
			ExecutionOrderSort2 (0ms)
			AwakeInstancesAfterBackupRestoration (36ms)
Platform modules already initialized, skipping
Refreshing native plugins compatible for Editor in 5.58 ms, found 4 plugins.
Preloading 0 native plugins for Editor in 0.00 ms.
Unloading 3735 Unused Serialized files (Serialized files now loaded: 0)
Unloading 28 unused Assets / (195.6 KB). Loaded Objects now: 4199.
Memory consumption went from 147.2 MB to 147.0 MB.
Total: 5.913500 ms (FindLiveObjects: 0.385800 ms CreateObjectMapping: 0.278000 ms MarkObjects: 4.970800 ms  DeleteObjects: 0.277500 ms)

AssetImportParameters requested are different than current active one (requested -> active):
  custom:video-decoder-ogg-theora: a1e56fd34408186e4bbccfd4996cb3dc -> 
  custom:container-muxer-webm: aa71ff27fc2769a1b78a27578f13a17b -> 
  custom:container-demuxer-webm: 4f35f7cbe854078d1ac9338744f61a02 -> 
  custom:video-encoder-webm-vp8: eb34c28f22e8b96e1ab97ce403110664 -> 
  custom:video-codec-MediaFoundation-h265: 746d11721c4dcdbdad8f713fa42b33f4 -> 
  custom:audio-encoder-webm-vorbis: bf7c407c2cedff20999df2af8eb42d56 -> 
  custom:framework-win-MediaFoundation: 216162199b28c13a410421893ffa2e32 -> 
  custom:container-demuxer-ogg: 62fdf1f143b41e24485cea50d1cbac27 -> 
  custom:video-decoder-webm-vp8: 9c59270c3fd7afecdb556c50c9e8de78 -> 
  custom:audio-decoder-ogg-vorbis: bf7c407c2cedff20999df2af8eb42d56 -> 
========================================================================
Received Import Request.
  Time since last request: 197.856107 seconds.
  path: Assets/Resources/Scripts/GameManager.cs
  artifactKey: Guid(7cfc58e7cb1dc7943b0471f9811b9079) Importer(815301076,1909f56bfc062723c751e8b465ee728b)
Start importing Assets/Resources/Scripts/GameManager.cs using Guid(7cfc58e7cb1dc7943b0471f9811b9079) Importer(815301076,1909f56bfc062723c751e8b465ee728b)  -> (artifact id: '27db8bc63939e2a60654ca21f250c3d5') in 0.013521 seconds 
========================================================================
Received Import Request.
  Time since last request: 840.656356 seconds.
  path: Assets/Resources/Scripts/GameManager.cs
  artifactKey: Guid(7cfc58e7cb1dc7943b0471f9811b9079) Importer(815301076,1909f56bfc062723c751e8b465ee728b)
Start importing Assets/Resources/Scripts/GameManager.cs using Guid(7cfc58e7cb1dc7943b0471f9811b9079) Importer(815301076,1909f56bfc062723c751e8b465ee728b)  -> (artifact id: 'e01564d15398db457644b2871612ba00') in 0.016785 seconds 
========================================================================
Received Import Request.
  Time since last request: 42.606282 seconds.
  path: Assets/Resources/Scripts/GameManager.cs
  artifactKey: Guid(7cfc58e7cb1dc7943b0471f9811b9079) Importer(815301076,1909f56bfc062723c751e8b465ee728b)
Start importing Assets/Resources/Scripts/GameManager.cs using Guid(7cfc58e7cb1dc7943b0471f9811b9079) Importer(815301076,1909f56bfc062723c751e8b465ee728b)  -> (artifact id: '559f5c102834d3e872b8591892275fdc') in 0.003024 seconds 
