Using pre-set license
Built from '2021.3/staging' branch; Version is '2021.3.25f1 (68ef2c4f8861) revision 6876972'; Using compiler version '192829333'; Build Type 'Release'
OS: 'Windows 10  (10.0.19045) 64bit Core' Language: 'ja' Physical Memory: 8069 MB
BatchMode: 1, IsHumanControllingUs: 0, StartBugReporterOnCrash: 0, Is64bit: 1, IsPro: 1

COMMAND LINE ARGUMENTS:
C:\Proguraming\2021.3.25f1\Editor\Unity.exe
-adb2
-batchMode
-noUpm
-name
AssetImportWorker1
-projectPath
C:/Proguraming/shokumon
-logFile
Logs/AssetImportWorker1.log
-srvPort
55002
Successfully changed project path to: C:/Proguraming/shokumon
C:/Proguraming/shokumon
[UnityMemory] Configuration Parameters - Can be set up in boot.config
    "memorysetup-bucket-allocator-granularity=16"
    "memorysetup-bucket-allocator-bucket-count=8"
    "memorysetup-bucket-allocator-block-size=33554432"
    "memorysetup-bucket-allocator-block-count=8"
    "memorysetup-main-allocator-block-size=16777216"
    "memorysetup-thread-allocator-block-size=16777216"
    "memorysetup-gfx-main-allocator-block-size=16777216"
    "memorysetup-gfx-thread-allocator-block-size=16777216"
    "memorysetup-cache-allocator-block-size=4194304"
    "memorysetup-typetree-allocator-block-size=2097152"
    "memorysetup-profiler-bucket-allocator-granularity=16"
    "memorysetup-profiler-bucket-allocator-bucket-count=8"
    "memorysetup-profiler-bucket-allocator-block-size=33554432"
    "memorysetup-profiler-bucket-allocator-block-count=8"
    "memorysetup-profiler-allocator-block-size=16777216"
    "memorysetup-profiler-editor-allocator-block-size=1048576"
    "memorysetup-temp-allocator-size-main=16777216"
    "memorysetup-job-temp-allocator-block-size=2097152"
    "memorysetup-job-temp-allocator-block-size-background=1048576"
    "memorysetup-job-temp-allocator-reduction-small-platforms=262144"
    "memorysetup-temp-allocator-size-background-worker=32768"
    "memorysetup-temp-allocator-size-job-worker=262144"
    "memorysetup-temp-allocator-size-preload-manager=33554432"
    "memorysetup-temp-allocator-size-nav-mesh-worker=65536"
    "memorysetup-temp-allocator-size-audio-worker=65536"
    "memorysetup-temp-allocator-size-cloud-worker=32768"
    "memorysetup-temp-allocator-size-gi-baking-worker=262144"
    "memorysetup-temp-allocator-size-gfx=262144"
Player connection [22352] Host "[IP] 192.168.10.12 [Port] 0 [Flags] 2 [Guid] 2599273140 [EditorId] 2599273140 [Version] 1048832 [Id] WindowsEditor(7,DESKTOP-I8320EU) [Debug] 1 [PackageName] WindowsEditor [ProjectName] Editor" joined multi-casting on [225.0.0.222:54997]...

Player connection [22352] Host "[IP] 192.168.10.12 [Port] 0 [Flags] 2 [Guid] 2599273140 [EditorId] 2599273140 [Version] 1048832 [Id] WindowsEditor(7,DESKTOP-I8320EU) [Debug] 1 [PackageName] WindowsEditor [ProjectName] Editor" joined alternative multi-casting on [225.0.0.222:34997]...

Refreshing native plugins compatible for Editor in 390.50 ms, found 4 plugins.
Preloading 0 native plugins for Editor in 0.00 ms.
Initialize engine version: 2021.3.25f1 (68ef2c4f8861)
[Subsystems] Discovering subsystems at path C:/Proguraming/2021.3.25f1/Editor/Data/Resources/UnitySubsystems
[Subsystems] Discovering subsystems at path C:/Proguraming/shokumon/Assets
GfxDevice: creating device client; threaded=0; jobified=0
Direct3D:
    Version:  Direct3D 11.0 [level 11.1]
    Renderer: Intel(R) UHD Graphics 620 (ID=0x5917)
    Vendor:   Intel
    VRAM:     4034 MB
    Driver:   27.20.100.9365
Initialize mono
Mono path[0] = 'C:/Proguraming/2021.3.25f1/Editor/Data/Managed'
Mono path[1] = 'C:/Proguraming/2021.3.25f1/Editor/Data/MonoBleedingEdge/lib/mono/unityjit-win32'
Mono config path = 'C:/Proguraming/2021.3.25f1/Editor/Data/MonoBleedingEdge/etc'
Using monoOptions --debugger-agent=transport=dt_socket,embedding=1,server=y,suspend=n,address=127.0.0.1:56480
Begin MonoManager ReloadAssembly
Registering precompiled unity dll's ...
Register platform support module: C:/Proguraming/2021.3.25f1/Editor/Data/PlaybackEngines/WindowsStandaloneSupport/UnityEditor.WindowsStandalone.Extensions.dll
Registered in 0.016081 seconds.
Native extension for WindowsStandalone target not found
Refreshing native plugins compatible for Editor in 317.95 ms, found 4 plugins.
Preloading 0 native plugins for Editor in 0.00 ms.
Mono: successfully reloaded assembly
- Completed reload, in  2.479 seconds
Domain Reload Profiling:
	ReloadAssembly (2481ms)
		BeginReloadAssembly (357ms)
			ExecutionOrderSort (0ms)
			DisableScriptedObjects (0ms)
			BackupInstance (0ms)
			ReleaseScriptingObjects (0ms)
			CreateAndSetChildDomain (3ms)
		EndReloadAssembly (1683ms)
			LoadAssemblies (346ms)
			RebuildTransferFunctionScriptingTraits (0ms)
			SetupTypeCache (416ms)
			ReleaseScriptCaches (0ms)
			RebuildScriptCaches (105ms)
			SetupLoadedEditorAssemblies (983ms)
				LogAssemblyErrors (0ms)
				InitializePlatformSupportModulesInManaged (23ms)
				SetLoadedEditorAssemblies (1ms)
				RefreshPlugins (318ms)
				BeforeProcessingInitializeOnLoad (4ms)
				ProcessInitializeOnLoadAttributes (468ms)
				ProcessInitializeOnLoadMethodAttributes (168ms)
				AfterProcessingInitializeOnLoad (0ms)
				EditorAssembliesLoaded (0ms)
			ExecutionOrderSort2 (0ms)
			AwakeInstancesAfterBackupRestoration (0ms)
Platform modules already initialized, skipping
Registering precompiled user dll's ...
Registered in 0.028418 seconds.
Begin MonoManager ReloadAssembly
Symbol file LoadedFromMemory doesn't match image C:\Proguraming\shokumon\Library\PackageCache\com.unity.visualscripting@1.8.0\Editor\VisualScripting.Core\Dependencies\YamlDotNet\Unity.VisualScripting.YamlDotNet.dll
Symbol file LoadedFromMemory doesn't match image C:\Proguraming\shokumon\Library\PackageCache\com.unity.visualscripting@1.8.0\Editor\VisualScripting.Core\Dependencies\DotNetZip\Unity.VisualScripting.IonicZip.dll
Native extension for WindowsStandalone target not found
Refreshing native plugins compatible for Editor in 348.93 ms, found 4 plugins.
Preloading 0 native plugins for Editor in 0.00 ms.
Mono: successfully reloaded assembly
- Completed reload, in  4.421 seconds
Domain Reload Profiling:
	ReloadAssembly (4423ms)
		BeginReloadAssembly (461ms)
			ExecutionOrderSort (0ms)
			DisableScriptedObjects (21ms)
			BackupInstance (0ms)
			ReleaseScriptingObjects (0ms)
			CreateAndSetChildDomain (65ms)
		EndReloadAssembly (3531ms)
			LoadAssemblies (346ms)
			RebuildTransferFunctionScriptingTraits (0ms)
			SetupTypeCache (896ms)
			ReleaseScriptCaches (2ms)
			RebuildScriptCaches (218ms)
			SetupLoadedEditorAssemblies (1942ms)
				LogAssemblyErrors (0ms)
				InitializePlatformSupportModulesInManaged (16ms)
				SetLoadedEditorAssemblies (1ms)
				RefreshPlugins (349ms)
				BeforeProcessingInitializeOnLoad (434ms)
				ProcessInitializeOnLoadAttributes (983ms)
				ProcessInitializeOnLoadMethodAttributes (132ms)
				AfterProcessingInitializeOnLoad (26ms)
				EditorAssembliesLoaded (1ms)
			ExecutionOrderSort2 (0ms)
			AwakeInstancesAfterBackupRestoration (33ms)
Platform modules already initialized, skipping
========================================================================
Worker process is ready to serve import requests
Launched and connected shader compiler UnityShaderCompiler.exe after 0.16 seconds
Refreshing native plugins compatible for Editor in 2.04 ms, found 4 plugins.
Preloading 0 native plugins for Editor in 0.00 ms.
Unloading 3739 Unused Serialized files (Serialized files now loaded: 0)
Unloading 41 unused Assets / (229.3 KB). Loaded Objects now: 4194.
Memory consumption went from 147.5 MB to 147.3 MB.
Total: 10.013000 ms (FindLiveObjects: 0.766600 ms CreateObjectMapping: 0.586600 ms MarkObjects: 8.272300 ms  DeleteObjects: 0.385000 ms)

AssetImportParameters requested are different than current active one (requested -> active):
  custom:video-decoder-ogg-theora: a1e56fd34408186e4bbccfd4996cb3dc -> 
  custom:container-muxer-webm: aa71ff27fc2769a1b78a27578f13a17b -> 
  custom:container-demuxer-webm: 4f35f7cbe854078d1ac9338744f61a02 -> 
  custom:video-encoder-webm-vp8: eb34c28f22e8b96e1ab97ce403110664 -> 
  custom:video-codec-MediaFoundation-h265: 746d11721c4dcdbdad8f713fa42b33f4 -> 
  custom:audio-encoder-webm-vorbis: bf7c407c2cedff20999df2af8eb42d56 -> 
  custom:framework-win-MediaFoundation: 216162199b28c13a410421893ffa2e32 -> 
  custom:container-demuxer-ogg: 62fdf1f143b41e24485cea50d1cbac27 -> 
  custom:video-decoder-webm-vp8: 9c59270c3fd7afecdb556c50c9e8de78 -> 
  custom:audio-decoder-ogg-vorbis: bf7c407c2cedff20999df2af8eb42d56 -> 
========================================================================
Received Import Request.
  Time since last request: 809653.736642 seconds.
  path: Assets/Resources/CardEntityList/Card3.asset
  artifactKey: Guid(f38804d18b6df5d418e41b88716f4e6e) Importer(815301076,1909f56bfc062723c751e8b465ee728b)
Start importing Assets/Resources/CardEntityList/Card3.asset using Guid(f38804d18b6df5d418e41b88716f4e6e) Importer(815301076,1909f56bfc062723c751e8b465ee728b)  -> (artifact id: '9c5be3ac8245067d71afaa41ef5cc16c') in 0.145897 seconds 
========================================================================
Received Prepare
Registering precompiled user dll's ...
Registered in 0.037123 seconds.
Begin MonoManager ReloadAssembly
Symbol file LoadedFromMemory doesn't match image C:\Proguraming\shokumon\Library\PackageCache\com.unity.visualscripting@1.8.0\Editor\VisualScripting.Core\Dependencies\YamlDotNet\Unity.VisualScripting.YamlDotNet.dll
Symbol file LoadedFromMemory doesn't match image C:\Proguraming\shokumon\Library\PackageCache\com.unity.visualscripting@1.8.0\Editor\VisualScripting.Core\Dependencies\DotNetZip\Unity.VisualScripting.IonicZip.dll
Native extension for WindowsStandalone target not found
Refreshing native plugins compatible for Editor in 1.22 ms, found 4 plugins.
Preloading 0 native plugins for Editor in 0.00 ms.
Mono: successfully reloaded assembly
- Completed reload, in  8.177 seconds
Domain Reload Profiling:
	ReloadAssembly (8179ms)
		BeginReloadAssembly (891ms)
			ExecutionOrderSort (0ms)
			DisableScriptedObjects (61ms)
			BackupInstance (0ms)
			ReleaseScriptingObjects (0ms)
			CreateAndSetChildDomain (230ms)
		EndReloadAssembly (6878ms)
			LoadAssemblies (1487ms)
			RebuildTransferFunctionScriptingTraits (3ms)
			SetupTypeCache (1260ms)
			ReleaseScriptCaches (3ms)
			RebuildScriptCaches (184ms)
			SetupLoadedEditorAssemblies (1036ms)
				LogAssemblyErrors (0ms)
				InitializePlatformSupportModulesInManaged (23ms)
				SetLoadedEditorAssemblies (1ms)
				RefreshPlugins (1ms)
				BeforeProcessingInitializeOnLoad (232ms)
				ProcessInitializeOnLoadAttributes (625ms)
				ProcessInitializeOnLoadMethodAttributes (125ms)
				AfterProcessingInitializeOnLoad (29ms)
				EditorAssembliesLoaded (1ms)
			ExecutionOrderSort2 (0ms)
			AwakeInstancesAfterBackupRestoration (33ms)
Platform modules already initialized, skipping
Refreshing native plugins compatible for Editor in 15.18 ms, found 4 plugins.
Preloading 0 native plugins for Editor in 0.00 ms.
Unloading 3734 Unused Serialized files (Serialized files now loaded: 0)
Unloading 28 unused Assets / (195.6 KB). Loaded Objects now: 4198.
Memory consumption went from 147.1 MB to 146.9 MB.
Total: 14.276100 ms (FindLiveObjects: 0.876200 ms CreateObjectMapping: 0.931700 ms MarkObjects: 12.097500 ms  DeleteObjects: 0.368000 ms)

AssetImportParameters requested are different than current active one (requested -> active):
  custom:video-decoder-ogg-theora: a1e56fd34408186e4bbccfd4996cb3dc -> 
  custom:container-muxer-webm: aa71ff27fc2769a1b78a27578f13a17b -> 
  custom:container-demuxer-webm: 4f35f7cbe854078d1ac9338744f61a02 -> 
  custom:video-encoder-webm-vp8: eb34c28f22e8b96e1ab97ce403110664 -> 
  custom:video-codec-MediaFoundation-h265: 746d11721c4dcdbdad8f713fa42b33f4 -> 
  custom:audio-encoder-webm-vorbis: bf7c407c2cedff20999df2af8eb42d56 -> 
  custom:framework-win-MediaFoundation: 216162199b28c13a410421893ffa2e32 -> 
  custom:container-demuxer-ogg: 62fdf1f143b41e24485cea50d1cbac27 -> 
  custom:video-decoder-webm-vp8: 9c59270c3fd7afecdb556c50c9e8de78 -> 
  custom:audio-decoder-ogg-vorbis: bf7c407c2cedff20999df2af8eb42d56 -> 
========================================================================
Received Prepare
Registering precompiled user dll's ...
Registered in 0.062501 seconds.
Begin MonoManager ReloadAssembly
Symbol file LoadedFromMemory doesn't match image C:\Proguraming\shokumon\Library\PackageCache\com.unity.visualscripting@1.8.0\Editor\VisualScripting.Core\Dependencies\YamlDotNet\Unity.VisualScripting.YamlDotNet.dll
Symbol file LoadedFromMemory doesn't match image C:\Proguraming\shokumon\Library\PackageCache\com.unity.visualscripting@1.8.0\Editor\VisualScripting.Core\Dependencies\DotNetZip\Unity.VisualScripting.IonicZip.dll
Native extension for WindowsStandalone target not found
Refreshing native plugins compatible for Editor in 4.45 ms, found 4 plugins.
Preloading 0 native plugins for Editor in 0.00 ms.
Mono: successfully reloaded assembly
- Completed reload, in  9.594 seconds
Domain Reload Profiling:
	ReloadAssembly (9604ms)
		BeginReloadAssembly (2596ms)
			ExecutionOrderSort (0ms)
			DisableScriptedObjects (772ms)
			BackupInstance (0ms)
			ReleaseScriptingObjects (2ms)
			CreateAndSetChildDomain (220ms)
		EndReloadAssembly (3571ms)
			LoadAssemblies (1644ms)
			RebuildTransferFunctionScriptingTraits (0ms)
			SetupTypeCache (915ms)
			ReleaseScriptCaches (7ms)
			RebuildScriptCaches (245ms)
			SetupLoadedEditorAssemblies (1459ms)
				LogAssemblyErrors (0ms)
				InitializePlatformSupportModulesInManaged (25ms)
				SetLoadedEditorAssemblies (4ms)
				RefreshPlugins (5ms)
				BeforeProcessingInitializeOnLoad (339ms)
				ProcessInitializeOnLoadAttributes (853ms)
				ProcessInitializeOnLoadMethodAttributes (185ms)
				AfterProcessingInitializeOnLoad (48ms)
				EditorAssembliesLoaded (1ms)
			ExecutionOrderSort2 (0ms)
			AwakeInstancesAfterBackupRestoration (42ms)
Platform modules already initialized, skipping
Refreshing native plugins compatible for Editor in 15.06 ms, found 4 plugins.
Preloading 0 native plugins for Editor in 0.00 ms.
Unloading 3734 Unused Serialized files (Serialized files now loaded: 0)
Unloading 28 unused Assets / (196.5 KB). Loaded Objects now: 4201.
Memory consumption went from 147.1 MB to 146.9 MB.
Total: 14.809800 ms (FindLiveObjects: 0.604000 ms CreateObjectMapping: 0.745500 ms MarkObjects: 12.836600 ms  DeleteObjects: 0.618600 ms)

AssetImportParameters requested are different than current active one (requested -> active):
  custom:video-decoder-ogg-theora: a1e56fd34408186e4bbccfd4996cb3dc -> 
  custom:container-muxer-webm: aa71ff27fc2769a1b78a27578f13a17b -> 
  custom:container-demuxer-webm: 4f35f7cbe854078d1ac9338744f61a02 -> 
  custom:video-encoder-webm-vp8: eb34c28f22e8b96e1ab97ce403110664 -> 
  custom:video-codec-MediaFoundation-h265: 746d11721c4dcdbdad8f713fa42b33f4 -> 
  custom:audio-encoder-webm-vorbis: bf7c407c2cedff20999df2af8eb42d56 -> 
  custom:framework-win-MediaFoundation: 216162199b28c13a410421893ffa2e32 -> 
  custom:container-demuxer-ogg: 62fdf1f143b41e24485cea50d1cbac27 -> 
  custom:video-decoder-webm-vp8: 9c59270c3fd7afecdb556c50c9e8de78 -> 
  custom:audio-decoder-ogg-vorbis: bf7c407c2cedff20999df2af8eb42d56 -> 
========================================================================
Received Import Request.
  Time since last request: 361.016394 seconds.
  path: Assets/Resources/Scripts/GameManager.cs
  artifactKey: Guid(7cfc58e7cb1dc7943b0471f9811b9079) Importer(815301076,1909f56bfc062723c751e8b465ee728b)
Start importing Assets/Resources/Scripts/GameManager.cs using Guid(7cfc58e7cb1dc7943b0471f9811b9079) Importer(815301076,1909f56bfc062723c751e8b465ee728b)  -> (artifact id: 'bc068cc6ad36913e35daba515c8b5af8') in 0.058019 seconds 
========================================================================
Received Prepare
Registering precompiled user dll's ...
Registered in 0.041021 seconds.
Begin MonoManager ReloadAssembly
Symbol file LoadedFromMemory doesn't match image C:\Proguraming\shokumon\Library\PackageCache\com.unity.visualscripting@1.8.0\Editor\VisualScripting.Core\Dependencies\YamlDotNet\Unity.VisualScripting.YamlDotNet.dll
Symbol file LoadedFromMemory doesn't match image C:\Proguraming\shokumon\Library\PackageCache\com.unity.visualscripting@1.8.0\Editor\VisualScripting.Core\Dependencies\DotNetZip\Unity.VisualScripting.IonicZip.dll
Native extension for WindowsStandalone target not found
Refreshing native plugins compatible for Editor in 2.22 ms, found 4 plugins.
Preloading 0 native plugins for Editor in 0.00 ms.
Mono: successfully reloaded assembly
- Completed reload, in  4.667 seconds
Domain Reload Profiling:
	ReloadAssembly (4674ms)
		BeginReloadAssembly (898ms)
			ExecutionOrderSort (0ms)
			DisableScriptedObjects (29ms)
			BackupInstance (0ms)
			ReleaseScriptingObjects (0ms)
			CreateAndSetChildDomain (98ms)
		EndReloadAssembly (3218ms)
			LoadAssemblies (823ms)
			RebuildTransferFunctionScriptingTraits (0ms)
			SetupTypeCache (1018ms)
			ReleaseScriptCaches (10ms)
			RebuildScriptCaches (257ms)
			SetupLoadedEditorAssemblies (1233ms)
				LogAssemblyErrors (0ms)
				InitializePlatformSupportModulesInManaged (23ms)
				SetLoadedEditorAssemblies (2ms)
				RefreshPlugins (2ms)
				BeforeProcessingInitializeOnLoad (263ms)
				ProcessInitializeOnLoadAttributes (783ms)
				ProcessInitializeOnLoadMethodAttributes (127ms)
				AfterProcessingInitializeOnLoad (32ms)
				EditorAssembliesLoaded (1ms)
			ExecutionOrderSort2 (0ms)
			AwakeInstancesAfterBackupRestoration (38ms)
Platform modules already initialized, skipping
Refreshing native plugins compatible for Editor in 20.69 ms, found 4 plugins.
Preloading 0 native plugins for Editor in 0.00 ms.
Unloading 3734 Unused Serialized files (Serialized files now loaded: 0)
Unloading 28 unused Assets / (195.8 KB). Loaded Objects now: 4204.
Memory consumption went from 147.1 MB to 146.9 MB.
Total: 18.170900 ms (FindLiveObjects: 0.917200 ms CreateObjectMapping: 0.819900 ms MarkObjects: 15.784800 ms  DeleteObjects: 0.645600 ms)

AssetImportParameters requested are different than current active one (requested -> active):
  custom:video-decoder-ogg-theora: a1e56fd34408186e4bbccfd4996cb3dc -> 
  custom:container-muxer-webm: aa71ff27fc2769a1b78a27578f13a17b -> 
  custom:container-demuxer-webm: 4f35f7cbe854078d1ac9338744f61a02 -> 
  custom:video-encoder-webm-vp8: eb34c28f22e8b96e1ab97ce403110664 -> 
  custom:video-codec-MediaFoundation-h265: 746d11721c4dcdbdad8f713fa42b33f4 -> 
  custom:audio-encoder-webm-vorbis: bf7c407c2cedff20999df2af8eb42d56 -> 
  custom:framework-win-MediaFoundation: 216162199b28c13a410421893ffa2e32 -> 
  custom:container-demuxer-ogg: 62fdf1f143b41e24485cea50d1cbac27 -> 
  custom:video-decoder-webm-vp8: 9c59270c3fd7afecdb556c50c9e8de78 -> 
  custom:audio-decoder-ogg-vorbis: bf7c407c2cedff20999df2af8eb42d56 -> 
========================================================================
Received Prepare
Registering precompiled user dll's ...
Registered in 0.037023 seconds.
Begin MonoManager ReloadAssembly
Symbol file LoadedFromMemory doesn't match image C:\Proguraming\shokumon\Library\PackageCache\com.unity.visualscripting@1.8.0\Editor\VisualScripting.Core\Dependencies\YamlDotNet\Unity.VisualScripting.YamlDotNet.dll
Symbol file LoadedFromMemory doesn't match image C:\Proguraming\shokumon\Library\PackageCache\com.unity.visualscripting@1.8.0\Editor\VisualScripting.Core\Dependencies\DotNetZip\Unity.VisualScripting.IonicZip.dll
Native extension for WindowsStandalone target not found
Refreshing native plugins compatible for Editor in 2.37 ms, found 4 plugins.
Preloading 0 native plugins for Editor in 0.00 ms.
Mono: successfully reloaded assembly
- Completed reload, in  3.646 seconds
Domain Reload Profiling:
	ReloadAssembly (3648ms)
		BeginReloadAssembly (713ms)
			ExecutionOrderSort (0ms)
			DisableScriptedObjects (20ms)
			BackupInstance (0ms)
			ReleaseScriptingObjects (0ms)
			CreateAndSetChildDomain (83ms)
		EndReloadAssembly (2622ms)
			LoadAssemblies (673ms)
			RebuildTransferFunctionScriptingTraits (0ms)
			SetupTypeCache (764ms)
			ReleaseScriptCaches (4ms)
			RebuildScriptCaches (179ms)
			SetupLoadedEditorAssemblies (1190ms)
				LogAssemblyErrors (0ms)
				InitializePlatformSupportModulesInManaged (16ms)
				SetLoadedEditorAssemblies (2ms)
				RefreshPlugins (3ms)
				BeforeProcessingInitializeOnLoad (244ms)
				ProcessInitializeOnLoadAttributes (749ms)
				ProcessInitializeOnLoadMethodAttributes (146ms)
				AfterProcessingInitializeOnLoad (30ms)
				EditorAssembliesLoaded (1ms)
			ExecutionOrderSort2 (0ms)
			AwakeInstancesAfterBackupRestoration (43ms)
Platform modules already initialized, skipping
Refreshing native plugins compatible for Editor in 10.71 ms, found 4 plugins.
Preloading 0 native plugins for Editor in 0.00 ms.
Unloading 3734 Unused Serialized files (Serialized files now loaded: 0)
Unloading 28 unused Assets / (195.8 KB). Loaded Objects now: 4207.
Memory consumption went from 147.1 MB to 146.9 MB.
Total: 13.068600 ms (FindLiveObjects: 0.572500 ms CreateObjectMapping: 0.490800 ms MarkObjects: 11.655200 ms  DeleteObjects: 0.348200 ms)

AssetImportParameters requested are different than current active one (requested -> active):
  custom:video-decoder-ogg-theora: a1e56fd34408186e4bbccfd4996cb3dc -> 
  custom:container-muxer-webm: aa71ff27fc2769a1b78a27578f13a17b -> 
  custom:container-demuxer-webm: 4f35f7cbe854078d1ac9338744f61a02 -> 
  custom:video-encoder-webm-vp8: eb34c28f22e8b96e1ab97ce403110664 -> 
  custom:video-codec-MediaFoundation-h265: 746d11721c4dcdbdad8f713fa42b33f4 -> 
  custom:audio-encoder-webm-vorbis: bf7c407c2cedff20999df2af8eb42d56 -> 
  custom:framework-win-MediaFoundation: 216162199b28c13a410421893ffa2e32 -> 
  custom:container-demuxer-ogg: 62fdf1f143b41e24485cea50d1cbac27 -> 
  custom:video-decoder-webm-vp8: 9c59270c3fd7afecdb556c50c9e8de78 -> 
  custom:audio-decoder-ogg-vorbis: bf7c407c2cedff20999df2af8eb42d56 -> 
========================================================================
Received Import Request.
  Time since last request: 1139.362986 seconds.
  path: Assets/Resources/Prefabs/002-torixtuki-.prefab
  artifactKey: Guid(8bfa9b2db495ea04785bdf82f8460941) Importer(815301076,1909f56bfc062723c751e8b465ee728b)
Start importing Assets/Resources/Prefabs/002-torixtuki-.prefab using Guid(8bfa9b2db495ea04785bdf82f8460941) Importer(815301076,1909f56bfc062723c751e8b465ee728b)  -> (artifact id: '0934189dc6c68cdce9819c84ebbf4d40') in 0.156107 seconds 
========================================================================
Received Import Request.
  Time since last request: 0.000073 seconds.
  path: Assets/Resources/Prefabs/009-guri-nnkare-mazisyann.prefab
  artifactKey: Guid(3ba38cb1b80e70b4186e84616607efc3) Importer(815301076,1909f56bfc062723c751e8b465ee728b)
Start importing Assets/Resources/Prefabs/009-guri-nnkare-mazisyann.prefab using Guid(3ba38cb1b80e70b4186e84616607efc3) Importer(815301076,1909f56bfc062723c751e8b465ee728b)  -> (artifact id: 'da01d2a9a27ccf3a78720b0cc1256143') in 0.033063 seconds 
========================================================================
Received Import Request.
  Time since last request: 0.000105 seconds.
  path: Assets/Resources/Prefabs/024-fesumonn.prefab
  artifactKey: Guid(f1ca546b5b921ff408566c2ba01c44c2) Importer(815301076,1909f56bfc062723c751e8b465ee728b)
Start importing Assets/Resources/Prefabs/024-fesumonn.prefab using Guid(f1ca546b5b921ff408566c2ba01c44c2) Importer(815301076,1909f56bfc062723c751e8b465ee728b)  -> (artifact id: '2219acd1fe75249ea92d490a8f7ce448') in 0.027287 seconds 
========================================================================
Received Import Request.
  Time since last request: 0.000059 seconds.
  path: Assets/Resources/Prefabs/003-tamaneginaito.prefab
  artifactKey: Guid(6c9051f0fa34b2e40bd5d7b6a9639f06) Importer(815301076,1909f56bfc062723c751e8b465ee728b)
Start importing Assets/Resources/Prefabs/003-tamaneginaito.prefab using Guid(6c9051f0fa34b2e40bd5d7b6a9639f06) Importer(815301076,1909f56bfc062723c751e8b465ee728b)  -> (artifact id: '7abc848f075f54d46245ba5f8a9b1323') in 0.020053 seconds 
========================================================================
Received Import Request.
  Time since last request: 0.000043 seconds.
  path: Assets/Resources/Prefabs/018-syokuikuzitenn.prefab
  artifactKey: Guid(13fc77de2d42ab042829cff1cb95d29e) Importer(815301076,1909f56bfc062723c751e8b465ee728b)
Start importing Assets/Resources/Prefabs/018-syokuikuzitenn.prefab using Guid(13fc77de2d42ab042829cff1cb95d29e) Importer(815301076,1909f56bfc062723c751e8b465ee728b)  -> (artifact id: '6b7fc15138595ac8d69021727865eb79') in 0.018766 seconds 
========================================================================
Received Import Request.
  Time since last request: 0.000044 seconds.
  path: Assets/Resources/Prefabs/asuparamannzai.prefab
  artifactKey: Guid(7436ffa07b12ccf4ea96d56d22a346a0) Importer(815301076,1909f56bfc062723c751e8b465ee728b)
Start importing Assets/Resources/Prefabs/asuparamannzai.prefab using Guid(7436ffa07b12ccf4ea96d56d22a346a0) Importer(815301076,1909f56bfc062723c751e8b465ee728b)  -> (artifact id: 'd9ed5ebd2b8964296cf3d46127ad5ed4') in 0.019669 seconds 
========================================================================
Received Import Request.
  Time since last request: 0.000052 seconds.
  path: Assets/Resources/Prefabs/eiyousoka-do-barannsu.prefab
  artifactKey: Guid(3cec6c55d0152f240bee388d28d140b2) Importer(815301076,1909f56bfc062723c751e8b465ee728b)
Start importing Assets/Resources/Prefabs/eiyousoka-do-barannsu.prefab using Guid(3cec6c55d0152f240bee388d28d140b2) Importer(815301076,1909f56bfc062723c751e8b465ee728b)  -> (artifact id: 'eb3b2aad67569cb1e7f4d86dd72cfabe') in 0.015902 seconds 
========================================================================
Received Import Request.
  Time since last request: 0.000076 seconds.
  path: Assets/Resources/Prefabs/011-syokumonnkorekuta-.prefab
  artifactKey: Guid(5d2596d8db937054cabc253e21ed2937) Importer(815301076,1909f56bfc062723c751e8b465ee728b)
Start importing Assets/Resources/Prefabs/011-syokumonnkorekuta-.prefab using Guid(5d2596d8db937054cabc253e21ed2937) Importer(815301076,1909f56bfc062723c751e8b465ee728b)  -> (artifact id: 'dea199644bbef0cd083bf7f71879f56f') in 0.021911 seconds 
========================================================================
Received Import Request.
  Time since last request: 0.000086 seconds.
  path: Assets/Resources/Prefabs/014-tikusannnouka.prefab
  artifactKey: Guid(839733d40c911c6478107e7040ae6235) Importer(815301076,1909f56bfc062723c751e8b465ee728b)
Start importing Assets/Resources/Prefabs/014-tikusannnouka.prefab using Guid(839733d40c911c6478107e7040ae6235) Importer(815301076,1909f56bfc062723c751e8b465ee728b)  -> (artifact id: '5dff2e6b84ef39c9e5a8e283f54a876b') in 0.013936 seconds 
========================================================================
Received Import Request.
  Time since last request: 0.000076 seconds.
  path: Assets/Resources/Prefabs/023-kyuuridoragonn.prefab
  artifactKey: Guid(25fe5e6c901ab3a4b85907b360305289) Importer(815301076,1909f56bfc062723c751e8b465ee728b)
Start importing Assets/Resources/Prefabs/023-kyuuridoragonn.prefab using Guid(25fe5e6c901ab3a4b85907b360305289) Importer(815301076,1909f56bfc062723c751e8b465ee728b)  -> (artifact id: 'cd9deedfd6d738489b124aa9bc894c9a') in 0.014904 seconds 
========================================================================
Received Import Request.
  Time since last request: 0.000037 seconds.
  path: Assets/Resources/Prefabs/daikonndaimyou.prefab
  artifactKey: Guid(5ccd3ecb47d0bca41bcdb35a8b216ffb) Importer(815301076,1909f56bfc062723c751e8b465ee728b)
Start importing Assets/Resources/Prefabs/daikonndaimyou.prefab using Guid(5ccd3ecb47d0bca41bcdb35a8b216ffb) Importer(815301076,1909f56bfc062723c751e8b465ee728b)  -> (artifact id: '4a7f7fd05b330f195bba4d23bf6a048a') in 0.017554 seconds 
========================================================================
Received Import Request.
  Time since last request: 0.000061 seconds.
  path: Assets/Resources/Prefabs/015-tyourisi.prefab
  artifactKey: Guid(2ff2d5de2a8989542a8957a5a3023637) Importer(815301076,1909f56bfc062723c751e8b465ee728b)
Start importing Assets/Resources/Prefabs/015-tyourisi.prefab using Guid(2ff2d5de2a8989542a8957a5a3023637) Importer(815301076,1909f56bfc062723c751e8b465ee728b)  -> (artifact id: 'e1794fe89e7e9b85268ad5a2397f17ee') in 0.027733 seconds 
========================================================================
Received Import Request.
  Time since last request: 0.000124 seconds.
  path: Assets/Resources/Prefabs/004-hourennouzi.prefab
  artifactKey: Guid(484974ea3d91a9c4b9e4a238683a31e9) Importer(815301076,1909f56bfc062723c751e8b465ee728b)
Start importing Assets/Resources/Prefabs/004-hourennouzi.prefab using Guid(484974ea3d91a9c4b9e4a238683a31e9) Importer(815301076,1909f56bfc062723c751e8b465ee728b)  -> (artifact id: 'c0eedb15ba321793e3866962a1002aee') in 0.018315 seconds 
========================================================================
Received Prepare
Registering precompiled user dll's ...
Registered in 0.048945 seconds.
Begin MonoManager ReloadAssembly
Symbol file LoadedFromMemory doesn't match image C:\Proguraming\shokumon\Library\PackageCache\com.unity.visualscripting@1.8.0\Editor\VisualScripting.Core\Dependencies\YamlDotNet\Unity.VisualScripting.YamlDotNet.dll
Symbol file LoadedFromMemory doesn't match image C:\Proguraming\shokumon\Library\PackageCache\com.unity.visualscripting@1.8.0\Editor\VisualScripting.Core\Dependencies\DotNetZip\Unity.VisualScripting.IonicZip.dll
Native extension for WindowsStandalone target not found
Refreshing native plugins compatible for Editor in 13.42 ms, found 4 plugins.
Preloading 0 native plugins for Editor in 0.00 ms.
Mono: successfully reloaded assembly
- Completed reload, in 11.290 seconds
Domain Reload Profiling:
	ReloadAssembly (11293ms)
		BeginReloadAssembly (1620ms)
			ExecutionOrderSort (0ms)
			DisableScriptedObjects (91ms)
			BackupInstance (0ms)
			ReleaseScriptingObjects (1ms)
			CreateAndSetChildDomain (317ms)
		EndReloadAssembly (8364ms)
			LoadAssemblies (1558ms)
			RebuildTransferFunctionScriptingTraits (0ms)
			SetupTypeCache (2679ms)
			ReleaseScriptCaches (9ms)
			RebuildScriptCaches (512ms)
			SetupLoadedEditorAssemblies (3506ms)
				LogAssemblyErrors (0ms)
				InitializePlatformSupportModulesInManaged (78ms)
				SetLoadedEditorAssemblies (13ms)
				RefreshPlugins (14ms)
				BeforeProcessingInitializeOnLoad (908ms)
				ProcessInitializeOnLoadAttributes (2080ms)
				ProcessInitializeOnLoadMethodAttributes (335ms)
				AfterProcessingInitializeOnLoad (77ms)
				EditorAssembliesLoaded (1ms)
			ExecutionOrderSort2 (0ms)
			AwakeInstancesAfterBackupRestoration (99ms)
Platform modules already initialized, skipping
Refreshing native plugins compatible for Editor in 61.89 ms, found 4 plugins.
Preloading 0 native plugins for Editor in 0.00 ms.
Unloading 3734 Unused Serialized files (Serialized files now loaded: 0)
Unloading 28 unused Assets / (195.9 KB). Loaded Objects now: 4210.
Memory consumption went from 147.2 MB to 147.0 MB.
Total: 27.897200 ms (FindLiveObjects: 0.639900 ms CreateObjectMapping: 1.029400 ms MarkObjects: 25.259800 ms  DeleteObjects: 0.962100 ms)

AssetImportParameters requested are different than current active one (requested -> active):
  custom:video-decoder-ogg-theora: a1e56fd34408186e4bbccfd4996cb3dc -> 
  custom:container-muxer-webm: aa71ff27fc2769a1b78a27578f13a17b -> 
  custom:container-demuxer-webm: 4f35f7cbe854078d1ac9338744f61a02 -> 
  custom:video-encoder-webm-vp8: eb34c28f22e8b96e1ab97ce403110664 -> 
  custom:video-codec-MediaFoundation-h265: 746d11721c4dcdbdad8f713fa42b33f4 -> 
  custom:audio-encoder-webm-vorbis: bf7c407c2cedff20999df2af8eb42d56 -> 
  custom:framework-win-MediaFoundation: 216162199b28c13a410421893ffa2e32 -> 
  custom:container-demuxer-ogg: 62fdf1f143b41e24485cea50d1cbac27 -> 
  custom:video-decoder-webm-vp8: 9c59270c3fd7afecdb556c50c9e8de78 -> 
  custom:audio-decoder-ogg-vorbis: bf7c407c2cedff20999df2af8eb42d56 -> 
========================================================================
Received Import Request.
  Time since last request: 65.510439 seconds.
  path: Assets/Resources/Prefabs/002-torixtuki-.prefab
  artifactKey: Guid(8bfa9b2db495ea04785bdf82f8460941) Importer(815301076,1909f56bfc062723c751e8b465ee728b)
Start importing Assets/Resources/Prefabs/002-torixtuki-.prefab using Guid(8bfa9b2db495ea04785bdf82f8460941) Importer(815301076,1909f56bfc062723c751e8b465ee728b)  -> (artifact id: 'ef5a1b837dd243f0942120027ed15acd') in 0.493744 seconds 
========================================================================
Received Prepare
Registering precompiled user dll's ...
Registered in 0.037873 seconds.
Begin MonoManager ReloadAssembly
Symbol file LoadedFromMemory doesn't match image C:\Proguraming\shokumon\Library\PackageCache\com.unity.visualscripting@1.8.0\Editor\VisualScripting.Core\Dependencies\YamlDotNet\Unity.VisualScripting.YamlDotNet.dll
Symbol file LoadedFromMemory doesn't match image C:\Proguraming\shokumon\Library\PackageCache\com.unity.visualscripting@1.8.0\Editor\VisualScripting.Core\Dependencies\DotNetZip\Unity.VisualScripting.IonicZip.dll
Native extension for WindowsStandalone target not found
Refreshing native plugins compatible for Editor in 3.15 ms, found 4 plugins.
Preloading 0 native plugins for Editor in 0.00 ms.
Mono: successfully reloaded assembly
- Completed reload, in  5.189 seconds
Domain Reload Profiling:
	ReloadAssembly (5193ms)
		BeginReloadAssembly (805ms)
			ExecutionOrderSort (0ms)
			DisableScriptedObjects (36ms)
			BackupInstance (0ms)
			ReleaseScriptingObjects (1ms)
			CreateAndSetChildDomain (168ms)
		EndReloadAssembly (3899ms)
			LoadAssemblies (764ms)
			RebuildTransferFunctionScriptingTraits (0ms)
			SetupTypeCache (1165ms)
			ReleaseScriptCaches (6ms)
			RebuildScriptCaches (235ms)
			SetupLoadedEditorAssemblies (1717ms)
				LogAssemblyErrors (0ms)
				InitializePlatformSupportModulesInManaged (22ms)
				SetLoadedEditorAssemblies (3ms)
				RefreshPlugins (3ms)
				BeforeProcessingInitializeOnLoad (375ms)
				ProcessInitializeOnLoadAttributes (1069ms)
				ProcessInitializeOnLoadMethodAttributes (204ms)
				AfterProcessingInitializeOnLoad (40ms)
				EditorAssembliesLoaded (0ms)
			ExecutionOrderSort2 (0ms)
			AwakeInstancesAfterBackupRestoration (43ms)
Platform modules already initialized, skipping
Refreshing native plugins compatible for Editor in 18.20 ms, found 4 plugins.
Preloading 0 native plugins for Editor in 0.00 ms.
Unloading 3734 Unused Serialized files (Serialized files now loaded: 0)
Unloading 28 unused Assets / (195.6 KB). Loaded Objects now: 4213.
Memory consumption went from 147.2 MB to 147.0 MB.
Total: 15.824100 ms (FindLiveObjects: 1.380600 ms CreateObjectMapping: 1.074100 ms MarkObjects: 12.511800 ms  DeleteObjects: 0.852800 ms)

AssetImportParameters requested are different than current active one (requested -> active):
  custom:video-decoder-ogg-theora: a1e56fd34408186e4bbccfd4996cb3dc -> 
  custom:container-muxer-webm: aa71ff27fc2769a1b78a27578f13a17b -> 
  custom:container-demuxer-webm: 4f35f7cbe854078d1ac9338744f61a02 -> 
  custom:video-encoder-webm-vp8: eb34c28f22e8b96e1ab97ce403110664 -> 
  custom:video-codec-MediaFoundation-h265: 746d11721c4dcdbdad8f713fa42b33f4 -> 
  custom:audio-encoder-webm-vorbis: bf7c407c2cedff20999df2af8eb42d56 -> 
  custom:framework-win-MediaFoundation: 216162199b28c13a410421893ffa2e32 -> 
  custom:container-demuxer-ogg: 62fdf1f143b41e24485cea50d1cbac27 -> 
  custom:video-decoder-webm-vp8: 9c59270c3fd7afecdb556c50c9e8de78 -> 
  custom:audio-decoder-ogg-vorbis: bf7c407c2cedff20999df2af8eb42d56 -> 
========================================================================
Received Import Request.
  Time since last request: 640.317022 seconds.
  path: Assets/Resources/Prefabs/002-torixtuki-.prefab
  artifactKey: Guid(8bfa9b2db495ea04785bdf82f8460941) Importer(815301076,1909f56bfc062723c751e8b465ee728b)
Start importing Assets/Resources/Prefabs/002-torixtuki-.prefab using Guid(8bfa9b2db495ea04785bdf82f8460941) Importer(815301076,1909f56bfc062723c751e8b465ee728b)  -> (artifact id: 'ed0c96f4fbdad36a0bb7cb29042b2d75') in 0.150091 seconds 
========================================================================
Received Import Request.
  Time since last request: 0.000072 seconds.
  path: Assets/Resources/Prefabs/020-tomatonn.prefab
  artifactKey: Guid(0761dc3f10c369b49acabfdc76ebf171) Importer(815301076,1909f56bfc062723c751e8b465ee728b)
Start importing Assets/Resources/Prefabs/020-tomatonn.prefab using Guid(0761dc3f10c369b49acabfdc76ebf171) Importer(815301076,1909f56bfc062723c751e8b465ee728b)  -> (artifact id: 'ca5b291c937ac2027b345aa1ae6218ef') in 0.022440 seconds 
========================================================================
Received Import Request.
  Time since last request: 0.000067 seconds.
  path: Assets/Resources/Prefabs/007-gyuudonnkaiza-.prefab
  artifactKey: Guid(09d5f851f4b46c748b7890a2f6da41ae) Importer(815301076,1909f56bfc062723c751e8b465ee728b)
Start importing Assets/Resources/Prefabs/007-gyuudonnkaiza-.prefab using Guid(09d5f851f4b46c748b7890a2f6da41ae) Importer(815301076,1909f56bfc062723c751e8b465ee728b)  -> (artifact id: '38e270cd9ef98ebda3726ceacba16b66') in 0.017225 seconds 
========================================================================
Received Import Request.
  Time since last request: 0.000052 seconds.
  path: Assets/Resources/Prefabs/010-kannrieiyousi.prefab
  artifactKey: Guid(abe70ed7b45727a429fc82a3e109741f) Importer(815301076,1909f56bfc062723c751e8b465ee728b)
Start importing Assets/Resources/Prefabs/010-kannrieiyousi.prefab using Guid(abe70ed7b45727a429fc82a3e109741f) Importer(815301076,1909f56bfc062723c751e8b465ee728b)  -> (artifact id: '20f4962f5b07a1afd357096302117097') in 0.019942 seconds 
========================================================================
Received Import Request.
  Time since last request: 0.000048 seconds.
  path: Assets/Resources/Prefabs/008-guratannkinngu.prefab
  artifactKey: Guid(b1feac106661ca7458183d355c4bfad2) Importer(815301076,1909f56bfc062723c751e8b465ee728b)
Start importing Assets/Resources/Prefabs/008-guratannkinngu.prefab using Guid(b1feac106661ca7458183d355c4bfad2) Importer(815301076,1909f56bfc062723c751e8b465ee728b)  -> (artifact id: '0fbf6fed2e2fc15a4b162ca6f85401eb') in 0.028015 seconds 
========================================================================
Received Import Request.
  Time since last request: 0.000049 seconds.
  path: Assets/Resources/Prefabs/017-kometarounootyawann.prefab
  artifactKey: Guid(e42364c51baff1945a41019efde99a82) Importer(815301076,1909f56bfc062723c751e8b465ee728b)
Start importing Assets/Resources/Prefabs/017-kometarounootyawann.prefab using Guid(e42364c51baff1945a41019efde99a82) Importer(815301076,1909f56bfc062723c751e8b465ee728b)  -> (artifact id: 'c41e8b24dab8543fa4c6cfcc24a3b1ee') in 0.028525 seconds 
========================================================================
Received Import Request.
  Time since last request: 0.000058 seconds.
  path: Assets/Resources/Prefabs/012-komenouka.prefab
  artifactKey: Guid(732af1a0ff054e9478635afe0d06c1fd) Importer(815301076,1909f56bfc062723c751e8b465ee728b)
Start importing Assets/Resources/Prefabs/012-komenouka.prefab using Guid(732af1a0ff054e9478635afe0d06c1fd) Importer(815301076,1909f56bfc062723c751e8b465ee728b)  -> (artifact id: 'a65af20129156fad4b7afcef60352e62') in 0.016650 seconds 
========================================================================
Received Import Request.
  Time since last request: 0.000058 seconds.
  path: Assets/Resources/Prefabs/011-syokumonnkorekuta-.prefab
  artifactKey: Guid(5d2596d8db937054cabc253e21ed2937) Importer(815301076,1909f56bfc062723c751e8b465ee728b)
Start importing Assets/Resources/Prefabs/011-syokumonnkorekuta-.prefab using Guid(5d2596d8db937054cabc253e21ed2937) Importer(815301076,1909f56bfc062723c751e8b465ee728b)  -> (artifact id: '357f45f6b7bd4da45027c60371ed7a37') in 0.023978 seconds 
========================================================================
Received Import Request.
  Time since last request: 0.000075 seconds.
  path: Assets/Resources/Prefabs/014-tikusannnouka.prefab
  artifactKey: Guid(839733d40c911c6478107e7040ae6235) Importer(815301076,1909f56bfc062723c751e8b465ee728b)
Start importing Assets/Resources/Prefabs/014-tikusannnouka.prefab using Guid(839733d40c911c6478107e7040ae6235) Importer(815301076,1909f56bfc062723c751e8b465ee728b)  -> (artifact id: '63431c45eff58684c742fe458ff58d9a') in 0.014421 seconds 
========================================================================
Received Import Request.
  Time since last request: 0.000298 seconds.
  path: Assets/Resources/Prefabs/023-kyuuridoragonn.prefab
  artifactKey: Guid(25fe5e6c901ab3a4b85907b360305289) Importer(815301076,1909f56bfc062723c751e8b465ee728b)
Start importing Assets/Resources/Prefabs/023-kyuuridoragonn.prefab using Guid(25fe5e6c901ab3a4b85907b360305289) Importer(815301076,1909f56bfc062723c751e8b465ee728b)  -> (artifact id: '1855947e40a14a289a8b1e6dbcbe6b91') in 0.023671 seconds 
========================================================================
Received Import Request.
  Time since last request: 0.000053 seconds.
  path: Assets/Resources/Prefabs/daikonndaimyou.prefab
  artifactKey: Guid(5ccd3ecb47d0bca41bcdb35a8b216ffb) Importer(815301076,1909f56bfc062723c751e8b465ee728b)
Start importing Assets/Resources/Prefabs/daikonndaimyou.prefab using Guid(5ccd3ecb47d0bca41bcdb35a8b216ffb) Importer(815301076,1909f56bfc062723c751e8b465ee728b)  -> (artifact id: '7cd27729c2b05020cdb2ff1b2a4ae5f1') in 0.035451 seconds 
========================================================================
Received Import Request.
  Time since last request: 0.000150 seconds.
  path: Assets/Resources/Prefabs/015-tyourisi.prefab
  artifactKey: Guid(2ff2d5de2a8989542a8957a5a3023637) Importer(815301076,1909f56bfc062723c751e8b465ee728b)
Start importing Assets/Resources/Prefabs/015-tyourisi.prefab using Guid(2ff2d5de2a8989542a8957a5a3023637) Importer(815301076,1909f56bfc062723c751e8b465ee728b)  -> (artifact id: '66f67a6fb9a0644e5fc10cbb41f84030') in 0.041535 seconds 
========================================================================
Received Import Request.
  Time since last request: 0.000053 seconds.
  path: Assets/Resources/Prefabs/004-hourennouzi.prefab
  artifactKey: Guid(484974ea3d91a9c4b9e4a238683a31e9) Importer(815301076,1909f56bfc062723c751e8b465ee728b)
Start importing Assets/Resources/Prefabs/004-hourennouzi.prefab using Guid(484974ea3d91a9c4b9e4a238683a31e9) Importer(815301076,1909f56bfc062723c751e8b465ee728b)  -> (artifact id: '83b6b153c6382c5293a6b44170096407') in 0.015023 seconds 
========================================================================
Received Import Request.
  Time since last request: 8.195643 seconds.
  path: Assets/Resources/Prefabs/002-torixtuki-.prefab
  artifactKey: Guid(8bfa9b2db495ea04785bdf82f8460941) Importer(815301076,1909f56bfc062723c751e8b465ee728b)
Start importing Assets/Resources/Prefabs/002-torixtuki-.prefab using Guid(8bfa9b2db495ea04785bdf82f8460941) Importer(815301076,1909f56bfc062723c751e8b465ee728b)  -> (artifact id: '53a428101dfa183b36f3c1ad6f829a4d') in 0.038254 seconds 
========================================================================
Received Import Request.
  Time since last request: 0.000084 seconds.
  path: Assets/Resources/Prefabs/006-potetora.prefab
  artifactKey: Guid(ae470c277bf0cd34abec0ba4c9fd885b) Importer(815301076,1909f56bfc062723c751e8b465ee728b)
Start importing Assets/Resources/Prefabs/006-potetora.prefab using Guid(ae470c277bf0cd34abec0ba4c9fd885b) Importer(815301076,1909f56bfc062723c751e8b465ee728b)  -> (artifact id: '889cc6d36df45a67942f50d799ee7eb5') in 0.048881 seconds 
========================================================================
Received Import Request.
  Time since last request: 0.000057 seconds.
  path: Assets/Resources/Prefabs/020-tomatonn.prefab
  artifactKey: Guid(0761dc3f10c369b49acabfdc76ebf171) Importer(815301076,1909f56bfc062723c751e8b465ee728b)
Start importing Assets/Resources/Prefabs/020-tomatonn.prefab using Guid(0761dc3f10c369b49acabfdc76ebf171) Importer(815301076,1909f56bfc062723c751e8b465ee728b)  -> (artifact id: '6250f6e19d9d7d79bb930879ff637b1f') in 0.019935 seconds 
========================================================================
Received Import Request.
  Time since last request: 0.000084 seconds.
  path: Assets/Resources/Prefabs/007-gyuudonnkaiza-.prefab
  artifactKey: Guid(09d5f851f4b46c748b7890a2f6da41ae) Importer(815301076,1909f56bfc062723c751e8b465ee728b)
Start importing Assets/Resources/Prefabs/007-gyuudonnkaiza-.prefab using Guid(09d5f851f4b46c748b7890a2f6da41ae) Importer(815301076,1909f56bfc062723c751e8b465ee728b)  -> (artifact id: '6387d360381e5b2ed5cd126555822e6e') in 0.026364 seconds 
========================================================================
Received Import Request.
  Time since last request: 0.000085 seconds.
  path: Assets/Resources/Prefabs/024-fesumonn.prefab
  artifactKey: Guid(f1ca546b5b921ff408566c2ba01c44c2) Importer(815301076,1909f56bfc062723c751e8b465ee728b)
Start importing Assets/Resources/Prefabs/024-fesumonn.prefab using Guid(f1ca546b5b921ff408566c2ba01c44c2) Importer(815301076,1909f56bfc062723c751e8b465ee728b)  -> (artifact id: '2eb333caaf935279171a09823145d69e') in 0.023619 seconds 
========================================================================
Received Import Request.
  Time since last request: 0.000065 seconds.
  path: Assets/Resources/Prefabs/003-tamaneginaito.prefab
  artifactKey: Guid(6c9051f0fa34b2e40bd5d7b6a9639f06) Importer(815301076,1909f56bfc062723c751e8b465ee728b)
Start importing Assets/Resources/Prefabs/003-tamaneginaito.prefab using Guid(6c9051f0fa34b2e40bd5d7b6a9639f06) Importer(815301076,1909f56bfc062723c751e8b465ee728b)  -> (artifact id: '5975101267ce695f88cfda3acd7d5e14') in 0.023923 seconds 
========================================================================
Received Import Request.
  Time since last request: 0.000077 seconds.
  path: Assets/Resources/Prefabs/018-syokuikuzitenn.prefab
  artifactKey: Guid(13fc77de2d42ab042829cff1cb95d29e) Importer(815301076,1909f56bfc062723c751e8b465ee728b)
Start importing Assets/Resources/Prefabs/018-syokuikuzitenn.prefab using Guid(13fc77de2d42ab042829cff1cb95d29e) Importer(815301076,1909f56bfc062723c751e8b465ee728b)  -> (artifact id: 'c9d219e981e12b593c2918ee602e9970') in 0.032592 seconds 
========================================================================
Received Import Request.
  Time since last request: 0.000131 seconds.
  path: Assets/Resources/Prefabs/asuparamannzai.prefab
  artifactKey: Guid(7436ffa07b12ccf4ea96d56d22a346a0) Importer(815301076,1909f56bfc062723c751e8b465ee728b)
Start importing Assets/Resources/Prefabs/asuparamannzai.prefab using Guid(7436ffa07b12ccf4ea96d56d22a346a0) Importer(815301076,1909f56bfc062723c751e8b465ee728b)  -> (artifact id: '51e46563e9f55801aa049e9b5001f7b7') in 0.033361 seconds 
========================================================================
Received Import Request.
  Time since last request: 0.000097 seconds.
  path: Assets/Resources/Prefabs/eiyousoka-do-barannsu.prefab
  artifactKey: Guid(3cec6c55d0152f240bee388d28d140b2) Importer(815301076,1909f56bfc062723c751e8b465ee728b)
Start importing Assets/Resources/Prefabs/eiyousoka-do-barannsu.prefab using Guid(3cec6c55d0152f240bee388d28d140b2) Importer(815301076,1909f56bfc062723c751e8b465ee728b)  -> (artifact id: '0d226876b637172d4ef556d2b303f43b') in 0.019498 seconds 
========================================================================
Received Import Request.
  Time since last request: 0.000066 seconds.
  path: Assets/Resources/Prefabs/013-yasainouka.prefab
  artifactKey: Guid(c2960c514f4ebb74589e5208cff4db2d) Importer(815301076,1909f56bfc062723c751e8b465ee728b)
Start importing Assets/Resources/Prefabs/013-yasainouka.prefab using Guid(c2960c514f4ebb74589e5208cff4db2d) Importer(815301076,1909f56bfc062723c751e8b465ee728b)  -> (artifact id: 'a9f164370b074b40a76468d563a8e414') in 0.030304 seconds 
========================================================================
Received Import Request.
  Time since last request: 0.000060 seconds.
  path: Assets/Resources/Prefabs/014-tikusannnouka.prefab
  artifactKey: Guid(839733d40c911c6478107e7040ae6235) Importer(815301076,1909f56bfc062723c751e8b465ee728b)
Start importing Assets/Resources/Prefabs/014-tikusannnouka.prefab using Guid(839733d40c911c6478107e7040ae6235) Importer(815301076,1909f56bfc062723c751e8b465ee728b)  -> (artifact id: 'd12ea6e5e8d5744d5cc4ce275ea0a7f9') in 0.054463 seconds 
========================================================================
Received Import Request.
  Time since last request: 0.000043 seconds.
  path: Assets/Resources/Prefabs/031-masirotyann.prefab
  artifactKey: Guid(cd03e5c3c17872d4b9cfdfb833a7cfc6) Importer(815301076,1909f56bfc062723c751e8b465ee728b)
Start importing Assets/Resources/Prefabs/031-masirotyann.prefab using Guid(cd03e5c3c17872d4b9cfdfb833a7cfc6) Importer(815301076,1909f56bfc062723c751e8b465ee728b)  -> (artifact id: '719ab87977c7dafaa6453d32a0d36f1e') in 0.031245 seconds 
========================================================================
Received Import Request.
  Time since last request: 0.000045 seconds.
  path: Assets/Resources/Prefabs/022-naporitannsoruzya-.prefab
  artifactKey: Guid(44cda02413d5b5543bfda67fb0cdb842) Importer(815301076,1909f56bfc062723c751e8b465ee728b)
Start importing Assets/Resources/Prefabs/022-naporitannsoruzya-.prefab using Guid(44cda02413d5b5543bfda67fb0cdb842) Importer(815301076,1909f56bfc062723c751e8b465ee728b)  -> (artifact id: '433f7c12b5cc0a3e80a8c27a22191144') in 0.026177 seconds 
========================================================================
Received Import Request.
  Time since last request: 0.000050 seconds.
  path: Assets/Resources/Prefabs/019-po-ku.prefab
  artifactKey: Guid(faa8fc50b4698744b8ae864edb96e1af) Importer(815301076,1909f56bfc062723c751e8b465ee728b)
Start importing Assets/Resources/Prefabs/019-po-ku.prefab using Guid(faa8fc50b4698744b8ae864edb96e1af) Importer(815301076,1909f56bfc062723c751e8b465ee728b)  -> (artifact id: '12a2be3a14b0820b932a068283a4f043') in 0.017333 seconds 
========================================================================
Received Import Request.
  Time since last request: 0.000114 seconds.
  path: Assets/Resources/Prefabs/co-dakouriyamanoko-hi-kaxtupu.prefab
  artifactKey: Guid(b945677bb2903944f94c7192d28418ba) Importer(815301076,1909f56bfc062723c751e8b465ee728b)
Start importing Assets/Resources/Prefabs/co-dakouriyamanoko-hi-kaxtupu.prefab using Guid(b945677bb2903944f94c7192d28418ba) Importer(815301076,1909f56bfc062723c751e8b465ee728b)  -> (artifact id: 'c69d0dc411c9da8ef160f5cbaac8868a') in 0.023825 seconds 
========================================================================
Received Import Request.
  Time since last request: 5.304575 seconds.
  path: Assets/Resources/Prefabs/002-torixtuki-.prefab
  artifactKey: Guid(8bfa9b2db495ea04785bdf82f8460941) Importer(815301076,1909f56bfc062723c751e8b465ee728b)
Start importing Assets/Resources/Prefabs/002-torixtuki-.prefab using Guid(8bfa9b2db495ea04785bdf82f8460941) Importer(815301076,1909f56bfc062723c751e8b465ee728b)  -> (artifact id: 'bf0244bffe634f0a873f63098a8c5217') in 0.022948 seconds 
========================================================================
Received Import Request.
  Time since last request: 0.000107 seconds.
  path: Assets/Resources/Prefabs/021-su-pa-gextuthi.prefab
  artifactKey: Guid(e1176578f0f5a8343875f931af857186) Importer(815301076,1909f56bfc062723c751e8b465ee728b)
Start importing Assets/Resources/Prefabs/021-su-pa-gextuthi.prefab using Guid(e1176578f0f5a8343875f931af857186) Importer(815301076,1909f56bfc062723c751e8b465ee728b)  -> (artifact id: 'e537291cca40d097bc9ce36102b239ce') in 0.030275 seconds 
========================================================================
Received Import Request.
  Time since last request: 0.000065 seconds.
  path: Assets/Resources/Prefabs/020-tomatonn.prefab
  artifactKey: Guid(0761dc3f10c369b49acabfdc76ebf171) Importer(815301076,1909f56bfc062723c751e8b465ee728b)
Start importing Assets/Resources/Prefabs/020-tomatonn.prefab using Guid(0761dc3f10c369b49acabfdc76ebf171) Importer(815301076,1909f56bfc062723c751e8b465ee728b)  -> (artifact id: '5ceca24b456abd8b83d30ffb3027f5ad') in 0.017609 seconds 
========================================================================
Received Import Request.
  Time since last request: 0.000064 seconds.
  path: Assets/Resources/Prefabs/009-guri-nnkare-mazisyann.prefab
  artifactKey: Guid(3ba38cb1b80e70b4186e84616607efc3) Importer(815301076,1909f56bfc062723c751e8b465ee728b)
Start importing Assets/Resources/Prefabs/009-guri-nnkare-mazisyann.prefab using Guid(3ba38cb1b80e70b4186e84616607efc3) Importer(815301076,1909f56bfc062723c751e8b465ee728b)  -> (artifact id: '1041ab385e96cf02b28d540ad4fcf7bf') in 0.021583 seconds 
========================================================================
Received Import Request.
  Time since last request: 0.000077 seconds.
  path: Assets/Resources/Prefabs/024-fesumonn.prefab
  artifactKey: Guid(f1ca546b5b921ff408566c2ba01c44c2) Importer(815301076,1909f56bfc062723c751e8b465ee728b)
Start importing Assets/Resources/Prefabs/024-fesumonn.prefab using Guid(f1ca546b5b921ff408566c2ba01c44c2) Importer(815301076,1909f56bfc062723c751e8b465ee728b)  -> (artifact id: '4bdf731921574f5c31997c8030b561e0') in 0.026372 seconds 
========================================================================
Received Import Request.
  Time since last request: 0.000088 seconds.
  path: Assets/Resources/Prefabs/008-guratannkinngu.prefab
  artifactKey: Guid(b1feac106661ca7458183d355c4bfad2) Importer(815301076,1909f56bfc062723c751e8b465ee728b)
Start importing Assets/Resources/Prefabs/008-guratannkinngu.prefab using Guid(b1feac106661ca7458183d355c4bfad2) Importer(815301076,1909f56bfc062723c751e8b465ee728b)  -> (artifact id: '1ce22c739c4dcef23dba3760187ac795') in 0.022740 seconds 
========================================================================
Received Import Request.
  Time since last request: 0.000037 seconds.
  path: Assets/Resources/Prefabs/018-syokuikuzitenn.prefab
  artifactKey: Guid(13fc77de2d42ab042829cff1cb95d29e) Importer(815301076,1909f56bfc062723c751e8b465ee728b)
Start importing Assets/Resources/Prefabs/018-syokuikuzitenn.prefab using Guid(13fc77de2d42ab042829cff1cb95d29e) Importer(815301076,1909f56bfc062723c751e8b465ee728b)  -> (artifact id: '0141659830cd75975d56ea6dd43bb2fc') in 0.023405 seconds 
========================================================================
Received Import Request.
  Time since last request: 0.000065 seconds.
  path: Assets/Resources/Prefabs/012-komenouka.prefab
  artifactKey: Guid(732af1a0ff054e9478635afe0d06c1fd) Importer(815301076,1909f56bfc062723c751e8b465ee728b)
Start importing Assets/Resources/Prefabs/012-komenouka.prefab using Guid(732af1a0ff054e9478635afe0d06c1fd) Importer(815301076,1909f56bfc062723c751e8b465ee728b)  -> (artifact id: 'a5f710eae28869d80d5d44bda3c9b6b1') in 0.028343 seconds 
========================================================================
Received Import Request.
  Time since last request: 0.000070 seconds.
  path: Assets/Resources/Prefabs/011-syokumonnkorekuta-.prefab
  artifactKey: Guid(5d2596d8db937054cabc253e21ed2937) Importer(815301076,1909f56bfc062723c751e8b465ee728b)
Start importing Assets/Resources/Prefabs/011-syokumonnkorekuta-.prefab using Guid(5d2596d8db937054cabc253e21ed2937) Importer(815301076,1909f56bfc062723c751e8b465ee728b)  -> (artifact id: '7ceefa4a9380284e4b5b6dd27712dcdf') in 0.025989 seconds 
========================================================================
Received Import Request.
  Time since last request: 0.000084 seconds.
  path: Assets/Resources/Prefabs/013-yasainouka.prefab
  artifactKey: Guid(c2960c514f4ebb74589e5208cff4db2d) Importer(815301076,1909f56bfc062723c751e8b465ee728b)
Start importing Assets/Resources/Prefabs/013-yasainouka.prefab using Guid(c2960c514f4ebb74589e5208cff4db2d) Importer(815301076,1909f56bfc062723c751e8b465ee728b)  -> (artifact id: '8dea1ccb17a7ce0a021a3cf51b155110') in 0.043654 seconds 
========================================================================
Received Import Request.
  Time since last request: 0.000054 seconds.
  path: Assets/Resources/Prefabs/014-tikusannnouka.prefab
  artifactKey: Guid(839733d40c911c6478107e7040ae6235) Importer(815301076,1909f56bfc062723c751e8b465ee728b)
Start importing Assets/Resources/Prefabs/014-tikusannnouka.prefab using Guid(839733d40c911c6478107e7040ae6235) Importer(815301076,1909f56bfc062723c751e8b465ee728b)  -> (artifact id: '89c60bf1b7d234b2bf76dfa12459a4fe') in 0.027790 seconds 
========================================================================
Received Import Request.
  Time since last request: 0.000045 seconds.
  path: Assets/Resources/Prefabs/daikonndaimyou.prefab
  artifactKey: Guid(5ccd3ecb47d0bca41bcdb35a8b216ffb) Importer(815301076,1909f56bfc062723c751e8b465ee728b)
Start importing Assets/Resources/Prefabs/daikonndaimyou.prefab using Guid(5ccd3ecb47d0bca41bcdb35a8b216ffb) Importer(815301076,1909f56bfc062723c751e8b465ee728b)  -> (artifact id: 'd6d241a00825eefcb168f50c51014696') in 0.016748 seconds 
========================================================================
Received Import Request.
  Time since last request: 0.000048 seconds.
  path: Assets/Resources/Prefabs/015-tyourisi.prefab
  artifactKey: Guid(2ff2d5de2a8989542a8957a5a3023637) Importer(815301076,1909f56bfc062723c751e8b465ee728b)
Start importing Assets/Resources/Prefabs/015-tyourisi.prefab using Guid(2ff2d5de2a8989542a8957a5a3023637) Importer(815301076,1909f56bfc062723c751e8b465ee728b)  -> (artifact id: '2e5ea2ec8e75da0b5595aab24257f6a9') in 0.016140 seconds 
========================================================================
Received Import Request.
  Time since last request: 0.000117 seconds.
  path: Assets/Resources/Prefabs/004-hourennouzi.prefab
  artifactKey: Guid(484974ea3d91a9c4b9e4a238683a31e9) Importer(815301076,1909f56bfc062723c751e8b465ee728b)
Start importing Assets/Resources/Prefabs/004-hourennouzi.prefab using Guid(484974ea3d91a9c4b9e4a238683a31e9) Importer(815301076,1909f56bfc062723c751e8b465ee728b)  -> (artifact id: '59d4e26f19ef9f85a189a0047a69662d') in 0.020780 seconds 
========================================================================
Received Import Request.
  Time since last request: 5.817973 seconds.
  path: Assets/Resources/Prefabs/002-torixtuki-.prefab
  artifactKey: Guid(8bfa9b2db495ea04785bdf82f8460941) Importer(815301076,1909f56bfc062723c751e8b465ee728b)
Start importing Assets/Resources/Prefabs/002-torixtuki-.prefab using Guid(8bfa9b2db495ea04785bdf82f8460941) Importer(815301076,1909f56bfc062723c751e8b465ee728b)  -> (artifact id: '8d8704c4b88262a4dfaad29b476030d0') in 0.028231 seconds 
========================================================================
Received Import Request.
  Time since last request: 0.000106 seconds.
  path: Assets/Resources/Prefabs/021-su-pa-gextuthi.prefab
  artifactKey: Guid(e1176578f0f5a8343875f931af857186) Importer(815301076,1909f56bfc062723c751e8b465ee728b)
Start importing Assets/Resources/Prefabs/021-su-pa-gextuthi.prefab using Guid(e1176578f0f5a8343875f931af857186) Importer(815301076,1909f56bfc062723c751e8b465ee728b)  -> (artifact id: 'd65be37315e1a708ebf20a406ad38192') in 0.046635 seconds 
========================================================================
Received Import Request.
  Time since last request: 0.000063 seconds.
  path: Assets/Resources/Prefabs/020-tomatonn.prefab
  artifactKey: Guid(0761dc3f10c369b49acabfdc76ebf171) Importer(815301076,1909f56bfc062723c751e8b465ee728b)
Start importing Assets/Resources/Prefabs/020-tomatonn.prefab using Guid(0761dc3f10c369b49acabfdc76ebf171) Importer(815301076,1909f56bfc062723c751e8b465ee728b)  -> (artifact id: 'd523b0ea9cc2347dc3557b47e5b721e2') in 0.018436 seconds 
========================================================================
Received Import Request.
  Time since last request: 0.000061 seconds.
  path: Assets/Resources/Prefabs/007-gyuudonnkaiza-.prefab
  artifactKey: Guid(09d5f851f4b46c748b7890a2f6da41ae) Importer(815301076,1909f56bfc062723c751e8b465ee728b)
Start importing Assets/Resources/Prefabs/007-gyuudonnkaiza-.prefab using Guid(09d5f851f4b46c748b7890a2f6da41ae) Importer(815301076,1909f56bfc062723c751e8b465ee728b)  -> (artifact id: 'bfcbe7698605c3ae0551ec5c4f4e247d') in 0.023484 seconds 
========================================================================
Received Import Request.
  Time since last request: 0.000054 seconds.
  path: Assets/Resources/Prefabs/010-kannrieiyousi.prefab
  artifactKey: Guid(abe70ed7b45727a429fc82a3e109741f) Importer(815301076,1909f56bfc062723c751e8b465ee728b)
Start importing Assets/Resources/Prefabs/010-kannrieiyousi.prefab using Guid(abe70ed7b45727a429fc82a3e109741f) Importer(815301076,1909f56bfc062723c751e8b465ee728b)  -> (artifact id: 'd2314aa51bc813893abbb0137a9374bd') in 0.022974 seconds 
========================================================================
Received Import Request.
  Time since last request: 0.000073 seconds.
  path: Assets/Resources/Prefabs/008-guratannkinngu.prefab
  artifactKey: Guid(b1feac106661ca7458183d355c4bfad2) Importer(815301076,1909f56bfc062723c751e8b465ee728b)
Start importing Assets/Resources/Prefabs/008-guratannkinngu.prefab using Guid(b1feac106661ca7458183d355c4bfad2) Importer(815301076,1909f56bfc062723c751e8b465ee728b)  -> (artifact id: '7193d0f2b7ecaeebd576203c21519d8a') in 0.022837 seconds 
========================================================================
Received Import Request.
  Time since last request: 0.000049 seconds.
  path: Assets/Resources/Prefabs/017-kometarounootyawann.prefab
  artifactKey: Guid(e42364c51baff1945a41019efde99a82) Importer(815301076,1909f56bfc062723c751e8b465ee728b)
Start importing Assets/Resources/Prefabs/017-kometarounootyawann.prefab using Guid(e42364c51baff1945a41019efde99a82) Importer(815301076,1909f56bfc062723c751e8b465ee728b)  -> (artifact id: '0e1102b5952e106ed9275eebe44e6d56') in 0.040940 seconds 
========================================================================
Received Import Request.
  Time since last request: 0.000172 seconds.
  path: Assets/Resources/Prefabs/012-komenouka.prefab
  artifactKey: Guid(732af1a0ff054e9478635afe0d06c1fd) Importer(815301076,1909f56bfc062723c751e8b465ee728b)
Start importing Assets/Resources/Prefabs/012-komenouka.prefab using Guid(732af1a0ff054e9478635afe0d06c1fd) Importer(815301076,1909f56bfc062723c751e8b465ee728b)  -> (artifact id: '2c40fd961d5b2108e588f3c62f4a6dd3') in 0.030894 seconds 
========================================================================
Received Import Request.
  Time since last request: 0.000204 seconds.
  path: Assets/Resources/Prefabs/011-syokumonnkorekuta-.prefab
  artifactKey: Guid(5d2596d8db937054cabc253e21ed2937) Importer(815301076,1909f56bfc062723c751e8b465ee728b)
Start importing Assets/Resources/Prefabs/011-syokumonnkorekuta-.prefab using Guid(5d2596d8db937054cabc253e21ed2937) Importer(815301076,1909f56bfc062723c751e8b465ee728b)  -> (artifact id: '940a97366c99464dcfdf3d44b644123d') in 0.016385 seconds 
========================================================================
Received Import Request.
  Time since last request: 0.000052 seconds.
  path: Assets/Resources/Prefabs/016-kometarounohasi.prefab
  artifactKey: Guid(07961c06d8576274eaa846b571a6be94) Importer(815301076,1909f56bfc062723c751e8b465ee728b)
Start importing Assets/Resources/Prefabs/016-kometarounohasi.prefab using Guid(07961c06d8576274eaa846b571a6be94) Importer(815301076,1909f56bfc062723c751e8b465ee728b)  -> (artifact id: '8a977960a4fe7525d0932e2727f8f76b') in 0.019286 seconds 
========================================================================
Received Import Request.
  Time since last request: 0.000048 seconds.
  path: Assets/Resources/Prefabs/023-kyuuridoragonn.prefab
  artifactKey: Guid(25fe5e6c901ab3a4b85907b360305289) Importer(815301076,1909f56bfc062723c751e8b465ee728b)
Start importing Assets/Resources/Prefabs/023-kyuuridoragonn.prefab using Guid(25fe5e6c901ab3a4b85907b360305289) Importer(815301076,1909f56bfc062723c751e8b465ee728b)  -> (artifact id: '44c1f1a8c4fe14eb48ad2103040924a8') in 0.023038 seconds 
========================================================================
Received Import Request.
  Time since last request: 0.000071 seconds.
  path: Assets/Resources/Prefabs/daikonndaimyou.prefab
  artifactKey: Guid(5ccd3ecb47d0bca41bcdb35a8b216ffb) Importer(815301076,1909f56bfc062723c751e8b465ee728b)
Start importing Assets/Resources/Prefabs/daikonndaimyou.prefab using Guid(5ccd3ecb47d0bca41bcdb35a8b216ffb) Importer(815301076,1909f56bfc062723c751e8b465ee728b)  -> (artifact id: 'd8c9e1645747265bc8993dface9dd9ef') in 0.020266 seconds 
========================================================================
Received Import Request.
  Time since last request: 0.000061 seconds.
  path: Assets/Resources/Prefabs/022-naporitannsoruzya-.prefab
  artifactKey: Guid(44cda02413d5b5543bfda67fb0cdb842) Importer(815301076,1909f56bfc062723c751e8b465ee728b)
Start importing Assets/Resources/Prefabs/022-naporitannsoruzya-.prefab using Guid(44cda02413d5b5543bfda67fb0cdb842) Importer(815301076,1909f56bfc062723c751e8b465ee728b)  -> (artifact id: 'f5ce523e0991b2fcc66720c6d9e2fa61') in 0.042064 seconds 
========================================================================
Received Import Request.
  Time since last request: 0.000047 seconds.
  path: Assets/Resources/Prefabs/019-po-ku.prefab
  artifactKey: Guid(faa8fc50b4698744b8ae864edb96e1af) Importer(815301076,1909f56bfc062723c751e8b465ee728b)
Start importing Assets/Resources/Prefabs/019-po-ku.prefab using Guid(faa8fc50b4698744b8ae864edb96e1af) Importer(815301076,1909f56bfc062723c751e8b465ee728b)  -> (artifact id: '4693fe21034b1431424ca780112ae0e2') in 0.029759 seconds 
========================================================================
Received Import Request.
  Time since last request: 0.000071 seconds.
  path: Assets/Resources/Prefabs/co-dakouriyamanoko-hi-kaxtupu.prefab
  artifactKey: Guid(b945677bb2903944f94c7192d28418ba) Importer(815301076,1909f56bfc062723c751e8b465ee728b)
Start importing Assets/Resources/Prefabs/co-dakouriyamanoko-hi-kaxtupu.prefab using Guid(b945677bb2903944f94c7192d28418ba) Importer(815301076,1909f56bfc062723c751e8b465ee728b)  -> (artifact id: 'f6206c58fff2a9ec2d4875ce2ae91db2') in 0.020636 seconds 
========================================================================
Received Import Request.
  Time since last request: 3.022193 seconds.
  path: Assets/Resources/Prefabs/002-torixtuki-.prefab
  artifactKey: Guid(8bfa9b2db495ea04785bdf82f8460941) Importer(815301076,1909f56bfc062723c751e8b465ee728b)
Start importing Assets/Resources/Prefabs/002-torixtuki-.prefab using Guid(8bfa9b2db495ea04785bdf82f8460941) Importer(815301076,1909f56bfc062723c751e8b465ee728b)  -> (artifact id: '6dcbc34aaf66765226cff379a5bd0292') in 0.037322 seconds 
========================================================================
Received Import Request.
  Time since last request: 0.000103 seconds.
  path: Assets/Resources/Prefabs/021-su-pa-gextuthi.prefab
  artifactKey: Guid(e1176578f0f5a8343875f931af857186) Importer(815301076,1909f56bfc062723c751e8b465ee728b)
Start importing Assets/Resources/Prefabs/021-su-pa-gextuthi.prefab using Guid(e1176578f0f5a8343875f931af857186) Importer(815301076,1909f56bfc062723c751e8b465ee728b)  -> (artifact id: '6cd311d446fd866f94a368bfe70fbb94') in 0.020891 seconds 
========================================================================
Received Import Request.
  Time since last request: 0.000108 seconds.
  path: Assets/Resources/Prefabs/005-kometarou.prefab
  artifactKey: Guid(a46717bff60f1094f93c56e80b5d31ee) Importer(815301076,1909f56bfc062723c751e8b465ee728b)
Start importing Assets/Resources/Prefabs/005-kometarou.prefab using Guid(a46717bff60f1094f93c56e80b5d31ee) Importer(815301076,1909f56bfc062723c751e8b465ee728b)  -> (artifact id: '691e79cbcde615cfa62becf37b8f3851') in 0.046140 seconds 
========================================================================
Received Import Request.
  Time since last request: 0.000105 seconds.
  path: Assets/Resources/Prefabs/009-guri-nnkare-mazisyann.prefab
  artifactKey: Guid(3ba38cb1b80e70b4186e84616607efc3) Importer(815301076,1909f56bfc062723c751e8b465ee728b)
Start importing Assets/Resources/Prefabs/009-guri-nnkare-mazisyann.prefab using Guid(3ba38cb1b80e70b4186e84616607efc3) Importer(815301076,1909f56bfc062723c751e8b465ee728b)  -> (artifact id: '9187f3d7ec0d817bc20ccd8e93895ff3') in 0.527968 seconds 
========================================================================
Received Import Request.
  Time since last request: 0.000099 seconds.
  path: Assets/Resources/Prefabs/024-fesumonn.prefab
  artifactKey: Guid(f1ca546b5b921ff408566c2ba01c44c2) Importer(815301076,1909f56bfc062723c751e8b465ee728b)
Start importing Assets/Resources/Prefabs/024-fesumonn.prefab using Guid(f1ca546b5b921ff408566c2ba01c44c2) Importer(815301076,1909f56bfc062723c751e8b465ee728b)  -> (artifact id: 'a1f8c470bbc44d60e4cb789b1dbafb50') in 0.024952 seconds 
========================================================================
Received Import Request.
  Time since last request: 0.000052 seconds.
  path: Assets/Resources/Prefabs/003-tamaneginaito.prefab
  artifactKey: Guid(6c9051f0fa34b2e40bd5d7b6a9639f06) Importer(815301076,1909f56bfc062723c751e8b465ee728b)
Start importing Assets/Resources/Prefabs/003-tamaneginaito.prefab using Guid(6c9051f0fa34b2e40bd5d7b6a9639f06) Importer(815301076,1909f56bfc062723c751e8b465ee728b)  -> (artifact id: '4081ab4cbfeecece504fbb350964c485') in 0.020731 seconds 
========================================================================
Received Import Request.
  Time since last request: 0.000064 seconds.
  path: Assets/Resources/Prefabs/018-syokuikuzitenn.prefab
  artifactKey: Guid(13fc77de2d42ab042829cff1cb95d29e) Importer(815301076,1909f56bfc062723c751e8b465ee728b)
Start importing Assets/Resources/Prefabs/018-syokuikuzitenn.prefab using Guid(13fc77de2d42ab042829cff1cb95d29e) Importer(815301076,1909f56bfc062723c751e8b465ee728b)  -> (artifact id: '0dbe05e9114858f1cdb6bd6203391e17') in 0.017246 seconds 
========================================================================
Received Import Request.
  Time since last request: 0.000057 seconds.
  path: Assets/Resources/Prefabs/asuparamannzai.prefab
  artifactKey: Guid(7436ffa07b12ccf4ea96d56d22a346a0) Importer(815301076,1909f56bfc062723c751e8b465ee728b)
Start importing Assets/Resources/Prefabs/asuparamannzai.prefab using Guid(7436ffa07b12ccf4ea96d56d22a346a0) Importer(815301076,1909f56bfc062723c751e8b465ee728b)  -> (artifact id: '2d199e3dc7b08e6c43e025f289ca2dca') in 0.019074 seconds 
========================================================================
Received Import Request.
  Time since last request: 0.000068 seconds.
  path: Assets/Resources/Prefabs/eiyousoka-do-barannsu.prefab
  artifactKey: Guid(3cec6c55d0152f240bee388d28d140b2) Importer(815301076,1909f56bfc062723c751e8b465ee728b)
Start importing Assets/Resources/Prefabs/eiyousoka-do-barannsu.prefab using Guid(3cec6c55d0152f240bee388d28d140b2) Importer(815301076,1909f56bfc062723c751e8b465ee728b)  -> (artifact id: 'dc4b0fd5b4261c7a5563853a64a4af3e') in 0.016972 seconds 
========================================================================
Received Import Request.
  Time since last request: 0.000051 seconds.
  path: Assets/Resources/Prefabs/013-yasainouka.prefab
  artifactKey: Guid(c2960c514f4ebb74589e5208cff4db2d) Importer(815301076,1909f56bfc062723c751e8b465ee728b)
Start importing Assets/Resources/Prefabs/013-yasainouka.prefab using Guid(c2960c514f4ebb74589e5208cff4db2d) Importer(815301076,1909f56bfc062723c751e8b465ee728b)  -> (artifact id: 'efb2635a03781c4179ddbc90a51d8527') in 0.016380 seconds 
========================================================================
Received Import Request.
  Time since last request: 0.000119 seconds.
  path: Assets/Resources/Prefabs/014-tikusannnouka.prefab
  artifactKey: Guid(839733d40c911c6478107e7040ae6235) Importer(815301076,1909f56bfc062723c751e8b465ee728b)
Start importing Assets/Resources/Prefabs/014-tikusannnouka.prefab using Guid(839733d40c911c6478107e7040ae6235) Importer(815301076,1909f56bfc062723c751e8b465ee728b)  -> (artifact id: 'ba0a10b8f32b9dddf653540b3e49734f') in 0.024907 seconds 
========================================================================
Received Import Request.
  Time since last request: 0.000060 seconds.
  path: Assets/Resources/Prefabs/031-masirotyann.prefab
  artifactKey: Guid(cd03e5c3c17872d4b9cfdfb833a7cfc6) Importer(815301076,1909f56bfc062723c751e8b465ee728b)
Start importing Assets/Resources/Prefabs/031-masirotyann.prefab using Guid(cd03e5c3c17872d4b9cfdfb833a7cfc6) Importer(815301076,1909f56bfc062723c751e8b465ee728b)  -> (artifact id: 'fbb75daec820ee0175c7a9cd38eb7cf9') in 0.020271 seconds 
========================================================================
Received Import Request.
  Time since last request: 0.000068 seconds.
  path: Assets/Resources/Prefabs/022-naporitannsoruzya-.prefab
  artifactKey: Guid(44cda02413d5b5543bfda67fb0cdb842) Importer(815301076,1909f56bfc062723c751e8b465ee728b)
Start importing Assets/Resources/Prefabs/022-naporitannsoruzya-.prefab using Guid(44cda02413d5b5543bfda67fb0cdb842) Importer(815301076,1909f56bfc062723c751e8b465ee728b)  -> (artifact id: 'a00f6cca8ae151dd99a8d31db84a760b') in 0.044206 seconds 
========================================================================
Received Import Request.
  Time since last request: 0.000138 seconds.
  path: Assets/Resources/Prefabs/019-po-ku.prefab
  artifactKey: Guid(faa8fc50b4698744b8ae864edb96e1af) Importer(815301076,1909f56bfc062723c751e8b465ee728b)
Start importing Assets/Resources/Prefabs/019-po-ku.prefab using Guid(faa8fc50b4698744b8ae864edb96e1af) Importer(815301076,1909f56bfc062723c751e8b465ee728b)  -> (artifact id: '7ed946fdff7f8f94882f95a8c5f2373c') in 0.030008 seconds 
========================================================================
Received Import Request.
  Time since last request: 0.000091 seconds.
  path: Assets/Resources/Prefabs/co-dakouriyamanoko-hi-kaxtupu.prefab
  artifactKey: Guid(b945677bb2903944f94c7192d28418ba) Importer(815301076,1909f56bfc062723c751e8b465ee728b)
Start importing Assets/Resources/Prefabs/co-dakouriyamanoko-hi-kaxtupu.prefab using Guid(b945677bb2903944f94c7192d28418ba) Importer(815301076,1909f56bfc062723c751e8b465ee728b)  -> (artifact id: 'e03d07660023785adfe009f3d8da4be0') in 0.017001 seconds 
========================================================================
Received Prepare
Registering precompiled user dll's ...
Registered in 0.044529 seconds.
Begin MonoManager ReloadAssembly
Symbol file LoadedFromMemory doesn't match image C:\Proguraming\shokumon\Library\PackageCache\com.unity.visualscripting@1.8.0\Editor\VisualScripting.Core\Dependencies\YamlDotNet\Unity.VisualScripting.YamlDotNet.dll
Symbol file LoadedFromMemory doesn't match image C:\Proguraming\shokumon\Library\PackageCache\com.unity.visualscripting@1.8.0\Editor\VisualScripting.Core\Dependencies\DotNetZip\Unity.VisualScripting.IonicZip.dll
Native extension for WindowsStandalone target not found
Refreshing native plugins compatible for Editor in 1.53 ms, found 4 plugins.
Preloading 0 native plugins for Editor in 0.00 ms.
Mono: successfully reloaded assembly
- Completed reload, in  4.631 seconds
Domain Reload Profiling:
	ReloadAssembly (4633ms)
		BeginReloadAssembly (717ms)
			ExecutionOrderSort (0ms)
			DisableScriptedObjects (29ms)
			BackupInstance (0ms)
			ReleaseScriptingObjects (0ms)
			CreateAndSetChildDomain (157ms)
		EndReloadAssembly (3513ms)
			LoadAssemblies (566ms)
			RebuildTransferFunctionScriptingTraits (0ms)
			SetupTypeCache (951ms)
			ReleaseScriptCaches (4ms)
			RebuildScriptCaches (630ms)
			SetupLoadedEditorAssemblies (1339ms)
				LogAssemblyErrors (0ms)
				InitializePlatformSupportModulesInManaged (27ms)
				SetLoadedEditorAssemblies (3ms)
				RefreshPlugins (2ms)
				BeforeProcessingInitializeOnLoad (360ms)
				ProcessInitializeOnLoadAttributes (794ms)
				ProcessInitializeOnLoadMethodAttributes (122ms)
				AfterProcessingInitializeOnLoad (31ms)
				EditorAssembliesLoaded (1ms)
			ExecutionOrderSort2 (0ms)
			AwakeInstancesAfterBackupRestoration (41ms)
Platform modules already initialized, skipping
Refreshing native plugins compatible for Editor in 20.03 ms, found 4 plugins.
Preloading 0 native plugins for Editor in 0.00 ms.
Unloading 3734 Unused Serialized files (Serialized files now loaded: 0)
Unloading 28 unused Assets / (195.7 KB). Loaded Objects now: 4216.
Memory consumption went from 147.2 MB to 147.0 MB.
Total: 13.531500 ms (FindLiveObjects: 0.758600 ms CreateObjectMapping: 0.585400 ms MarkObjects: 11.835500 ms  DeleteObjects: 0.349600 ms)

AssetImportParameters requested are different than current active one (requested -> active):
  custom:video-decoder-ogg-theora: a1e56fd34408186e4bbccfd4996cb3dc -> 
  custom:container-muxer-webm: aa71ff27fc2769a1b78a27578f13a17b -> 
  custom:container-demuxer-webm: 4f35f7cbe854078d1ac9338744f61a02 -> 
  custom:video-encoder-webm-vp8: eb34c28f22e8b96e1ab97ce403110664 -> 
  custom:video-codec-MediaFoundation-h265: 746d11721c4dcdbdad8f713fa42b33f4 -> 
  custom:audio-encoder-webm-vorbis: bf7c407c2cedff20999df2af8eb42d56 -> 
  custom:framework-win-MediaFoundation: 216162199b28c13a410421893ffa2e32 -> 
  custom:container-demuxer-ogg: 62fdf1f143b41e24485cea50d1cbac27 -> 
  custom:video-decoder-webm-vp8: 9c59270c3fd7afecdb556c50c9e8de78 -> 
  custom:audio-decoder-ogg-vorbis: bf7c407c2cedff20999df2af8eb42d56 -> 
========================================================================
Received Prepare
Registering precompiled user dll's ...
Registered in 0.038205 seconds.
Begin MonoManager ReloadAssembly
Symbol file LoadedFromMemory doesn't match image C:\Proguraming\shokumon\Library\PackageCache\com.unity.visualscripting@1.8.0\Editor\VisualScripting.Core\Dependencies\YamlDotNet\Unity.VisualScripting.YamlDotNet.dll
Symbol file LoadedFromMemory doesn't match image C:\Proguraming\shokumon\Library\PackageCache\com.unity.visualscripting@1.8.0\Editor\VisualScripting.Core\Dependencies\DotNetZip\Unity.VisualScripting.IonicZip.dll
Native extension for WindowsStandalone target not found
Refreshing native plugins compatible for Editor in 2.76 ms, found 4 plugins.
Preloading 0 native plugins for Editor in 0.00 ms.
Mono: successfully reloaded assembly
- Completed reload, in  5.010 seconds
Domain Reload Profiling:
	ReloadAssembly (5012ms)
		BeginReloadAssembly (777ms)
			ExecutionOrderSort (0ms)
			DisableScriptedObjects (57ms)
			BackupInstance (0ms)
			ReleaseScriptingObjects (0ms)
			CreateAndSetChildDomain (138ms)
		EndReloadAssembly (3694ms)
			LoadAssemblies (724ms)
			RebuildTransferFunctionScriptingTraits (0ms)
			SetupTypeCache (1297ms)
			ReleaseScriptCaches (4ms)
			RebuildScriptCaches (235ms)
			SetupLoadedEditorAssemblies (1433ms)
				LogAssemblyErrors (0ms)
				InitializePlatformSupportModulesInManaged (29ms)
				SetLoadedEditorAssemblies (3ms)
				RefreshPlugins (3ms)
				BeforeProcessingInitializeOnLoad (325ms)
				ProcessInitializeOnLoadAttributes (866ms)
				ProcessInitializeOnLoadMethodAttributes (176ms)
				AfterProcessingInitializeOnLoad (30ms)
				EditorAssembliesLoaded (1ms)
			ExecutionOrderSort2 (0ms)
			AwakeInstancesAfterBackupRestoration (48ms)
Platform modules already initialized, skipping
Refreshing native plugins compatible for Editor in 13.64 ms, found 4 plugins.
Preloading 0 native plugins for Editor in 0.00 ms.
Unloading 3734 Unused Serialized files (Serialized files now loaded: 0)
Unloading 28 unused Assets / (195.9 KB). Loaded Objects now: 4219.
Memory consumption went from 147.2 MB to 147.0 MB.
Total: 13.287000 ms (FindLiveObjects: 2.538000 ms CreateObjectMapping: 0.724400 ms MarkObjects: 9.646000 ms  DeleteObjects: 0.376000 ms)

AssetImportParameters requested are different than current active one (requested -> active):
  custom:video-decoder-ogg-theora: a1e56fd34408186e4bbccfd4996cb3dc -> 
  custom:container-muxer-webm: aa71ff27fc2769a1b78a27578f13a17b -> 
  custom:container-demuxer-webm: 4f35f7cbe854078d1ac9338744f61a02 -> 
  custom:video-encoder-webm-vp8: eb34c28f22e8b96e1ab97ce403110664 -> 
  custom:video-codec-MediaFoundation-h265: 746d11721c4dcdbdad8f713fa42b33f4 -> 
  custom:audio-encoder-webm-vorbis: bf7c407c2cedff20999df2af8eb42d56 -> 
  custom:framework-win-MediaFoundation: 216162199b28c13a410421893ffa2e32 -> 
  custom:container-demuxer-ogg: 62fdf1f143b41e24485cea50d1cbac27 -> 
  custom:video-decoder-webm-vp8: 9c59270c3fd7afecdb556c50c9e8de78 -> 
  custom:audio-decoder-ogg-vorbis: bf7c407c2cedff20999df2af8eb42d56 -> 
========================================================================
Received Prepare
Registering precompiled user dll's ...
Registered in 0.032379 seconds.
Begin MonoManager ReloadAssembly
Symbol file LoadedFromMemory doesn't match image C:\Proguraming\shokumon\Library\PackageCache\com.unity.visualscripting@1.8.0\Editor\VisualScripting.Core\Dependencies\YamlDotNet\Unity.VisualScripting.YamlDotNet.dll
Symbol file LoadedFromMemory doesn't match image C:\Proguraming\shokumon\Library\PackageCache\com.unity.visualscripting@1.8.0\Editor\VisualScripting.Core\Dependencies\DotNetZip\Unity.VisualScripting.IonicZip.dll
Native extension for WindowsStandalone target not found
Refreshing native plugins compatible for Editor in 2.60 ms, found 4 plugins.
Preloading 0 native plugins for Editor in 0.00 ms.
Mono: successfully reloaded assembly
- Completed reload, in  4.885 seconds
Domain Reload Profiling:
	ReloadAssembly (4888ms)
		BeginReloadAssembly (757ms)
			ExecutionOrderSort (0ms)
			DisableScriptedObjects (35ms)
			BackupInstance (0ms)
			ReleaseScriptingObjects (0ms)
			CreateAndSetChildDomain (172ms)
		EndReloadAssembly (3689ms)
			LoadAssemblies (659ms)
			RebuildTransferFunctionScriptingTraits (0ms)
			SetupTypeCache (1129ms)
			ReleaseScriptCaches (7ms)
			RebuildScriptCaches (221ms)
			SetupLoadedEditorAssemblies (1624ms)
				LogAssemblyErrors (0ms)
				InitializePlatformSupportModulesInManaged (27ms)
				SetLoadedEditorAssemblies (3ms)
				RefreshPlugins (3ms)
				BeforeProcessingInitializeOnLoad (295ms)
				ProcessInitializeOnLoadAttributes (1109ms)
				ProcessInitializeOnLoadMethodAttributes (149ms)
				AfterProcessingInitializeOnLoad (36ms)
				EditorAssembliesLoaded (1ms)
			ExecutionOrderSort2 (0ms)
			AwakeInstancesAfterBackupRestoration (43ms)
Platform modules already initialized, skipping
Refreshing native plugins compatible for Editor in 12.25 ms, found 4 plugins.
Preloading 0 native plugins for Editor in 0.00 ms.
Unloading 3734 Unused Serialized files (Serialized files now loaded: 0)
Unloading 28 unused Assets / (195.8 KB). Loaded Objects now: 4222.
Memory consumption went from 147.2 MB to 147.1 MB.
Total: 10.457500 ms (FindLiveObjects: 0.602200 ms CreateObjectMapping: 0.500800 ms MarkObjects: 8.861700 ms  DeleteObjects: 0.489100 ms)

AssetImportParameters requested are different than current active one (requested -> active):
  custom:video-decoder-ogg-theora: a1e56fd34408186e4bbccfd4996cb3dc -> 
  custom:container-muxer-webm: aa71ff27fc2769a1b78a27578f13a17b -> 
  custom:container-demuxer-webm: 4f35f7cbe854078d1ac9338744f61a02 -> 
  custom:video-encoder-webm-vp8: eb34c28f22e8b96e1ab97ce403110664 -> 
  custom:video-codec-MediaFoundation-h265: 746d11721c4dcdbdad8f713fa42b33f4 -> 
  custom:audio-encoder-webm-vorbis: bf7c407c2cedff20999df2af8eb42d56 -> 
  custom:framework-win-MediaFoundation: 216162199b28c13a410421893ffa2e32 -> 
  custom:container-demuxer-ogg: 62fdf1f143b41e24485cea50d1cbac27 -> 
  custom:video-decoder-webm-vp8: 9c59270c3fd7afecdb556c50c9e8de78 -> 
  custom:audio-decoder-ogg-vorbis: bf7c407c2cedff20999df2af8eb42d56 -> 
========================================================================
Received Prepare
Registering precompiled user dll's ...
Registered in 0.040203 seconds.
Begin MonoManager ReloadAssembly
Symbol file LoadedFromMemory doesn't match image C:\Proguraming\shokumon\Library\PackageCache\com.unity.visualscripting@1.8.0\Editor\VisualScripting.Core\Dependencies\YamlDotNet\Unity.VisualScripting.YamlDotNet.dll
Symbol file LoadedFromMemory doesn't match image C:\Proguraming\shokumon\Library\PackageCache\com.unity.visualscripting@1.8.0\Editor\VisualScripting.Core\Dependencies\DotNetZip\Unity.VisualScripting.IonicZip.dll
Native extension for WindowsStandalone target not found
Refreshing native plugins compatible for Editor in 1.59 ms, found 4 plugins.
Preloading 0 native plugins for Editor in 0.00 ms.
Mono: successfully reloaded assembly
- Completed reload, in  6.682 seconds
Domain Reload Profiling:
	ReloadAssembly (6688ms)
		BeginReloadAssembly (1540ms)
			ExecutionOrderSort (0ms)
			DisableScriptedObjects (52ms)
			BackupInstance (0ms)
			ReleaseScriptingObjects (0ms)
			CreateAndSetChildDomain (270ms)
		EndReloadAssembly (4493ms)
			LoadAssemblies (1303ms)
			RebuildTransferFunctionScriptingTraits (0ms)
			SetupTypeCache (1447ms)
			ReleaseScriptCaches (6ms)
			RebuildScriptCaches (317ms)
			SetupLoadedEditorAssemblies (1828ms)
				LogAssemblyErrors (0ms)
				InitializePlatformSupportModulesInManaged (29ms)
				SetLoadedEditorAssemblies (1ms)
				RefreshPlugins (2ms)
				BeforeProcessingInitializeOnLoad (412ms)
				ProcessInitializeOnLoadAttributes (1108ms)
				ProcessInitializeOnLoadMethodAttributes (232ms)
				AfterProcessingInitializeOnLoad (43ms)
				EditorAssembliesLoaded (1ms)
			ExecutionOrderSort2 (0ms)
			AwakeInstancesAfterBackupRestoration (51ms)
Platform modules already initialized, skipping
Refreshing native plugins compatible for Editor in 21.33 ms, found 4 plugins.
Preloading 0 native plugins for Editor in 0.00 ms.
Unloading 3734 Unused Serialized files (Serialized files now loaded: 0)
Unloading 28 unused Assets / (195.9 KB). Loaded Objects now: 4225.
Memory consumption went from 147.3 MB to 147.1 MB.
Total: 16.357000 ms (FindLiveObjects: 0.757400 ms CreateObjectMapping: 0.714800 ms MarkObjects: 14.347300 ms  DeleteObjects: 0.534200 ms)

AssetImportParameters requested are different than current active one (requested -> active):
  custom:video-decoder-ogg-theora: a1e56fd34408186e4bbccfd4996cb3dc -> 
  custom:container-muxer-webm: aa71ff27fc2769a1b78a27578f13a17b -> 
  custom:container-demuxer-webm: 4f35f7cbe854078d1ac9338744f61a02 -> 
  custom:video-encoder-webm-vp8: eb34c28f22e8b96e1ab97ce403110664 -> 
  custom:video-codec-MediaFoundation-h265: 746d11721c4dcdbdad8f713fa42b33f4 -> 
  custom:audio-encoder-webm-vorbis: bf7c407c2cedff20999df2af8eb42d56 -> 
  custom:framework-win-MediaFoundation: 216162199b28c13a410421893ffa2e32 -> 
  custom:container-demuxer-ogg: 62fdf1f143b41e24485cea50d1cbac27 -> 
  custom:video-decoder-webm-vp8: 9c59270c3fd7afecdb556c50c9e8de78 -> 
  custom:audio-decoder-ogg-vorbis: bf7c407c2cedff20999df2af8eb42d56 -> 
